[INFO  - 2017-11-01T09:08:11.007Z] GhostDriver - Main - running on port 6224
[INFO  - 2017-11-01T09:08:11.526Z] Session [2f674f10-bee4-11e7-b9a9-f7f7ce322037] - page.settings - {"XSSAuditingEnabled":false,"javascriptCanCloseWindows":true,"javascriptCanOpenWindows":true,"javascriptEnabled":true,"loadImages":true,"localToRemoteUrlAccessEnabled":false,"userAgent":"Mozilla/5.0 (Unknown; Linux x86_64) AppleWebKit/538.1 (KHTML, like Gecko) PhantomJS/2.1.1 Safari/538.1","webSecurityEnabled":true}
[INFO  - 2017-11-01T09:08:11.526Z] Session [2f674f10-bee4-11e7-b9a9-f7f7ce322037] - page.customHeaders:  - {}
[INFO  - 2017-11-01T09:08:11.526Z] Session [2f674f10-bee4-11e7-b9a9-f7f7ce322037] - Session.negotiatedCapabilities - {"browserName":"phantomjs","version":"2.1.1","driverName":"ghostdriver","driverVersion":"1.2.0","platform":"linux-unknown-64bit","javascriptEnabled":true,"takesScreenshot":true,"handlesAlerts":false,"databaseEnabled":false,"locationContextEnabled":false,"applicationCacheEnabled":false,"browserConnectionEnabled":false,"cssSelectorsEnabled":true,"webStorageEnabled":false,"rotatable":false,"acceptSslCerts":false,"nativeEvents":true,"proxy":{"proxyType":"direct"}}
[INFO  - 2017-11-01T09:08:11.526Z] SessionManagerReqHand - _postNewSessionCommand - New Session Created: 2f674f10-bee4-11e7-b9a9-f7f7ce322037
[ERROR - 2017-11-01T09:08:18.912Z] Session [2f674f10-bee4-11e7-b9a9-f7f7ce322037] - page.onError - msg: undefined is not a function (evaluating 'id.date_added.startsWith($scope.yearToShow)')
http://localhost:8081/app/js/main.controller.js:83
[ERROR - 2017-11-01T09:08:18.913Z] Session [2f674f10-bee4-11e7-b9a9-f7f7ce322037] - page.onError - stack:
  (anonymous function) (http://localhost:8081/lib/angular/angular.js:14516)
[ERROR - 2017-11-01T09:08:18.918Z] Session [2f674f10-bee4-11e7-b9a9-f7f7ce322037] - page.onError - msg: undefined is not a function (evaluating 'id.date_added.startsWith($scope.yearToShow)')
http://localhost:8081/app/js/main.controller.js:83
[ERROR - 2017-11-01T09:08:18.918Z] Session [2f674f10-bee4-11e7-b9a9-f7f7ce322037] - page.onError - stack:
  (anonymous function) (http://localhost:8081/lib/angular/angular.js:14516)
[ERROR - 2017-11-01T09:08:18.923Z] Session [2f674f10-bee4-11e7-b9a9-f7f7ce322037] - page.onError - msg: undefined is not a function (evaluating 'id.date_added.startsWith($scope.yearToShow)')
http://localhost:8081/app/js/main.controller.js:83
[ERROR - 2017-11-01T09:08:18.923Z] Session [2f674f10-bee4-11e7-b9a9-f7f7ce322037] - page.onError - stack:
  (anonymous function) (http://localhost:8081/lib/angular/angular.js:14516)
[ERROR - 2017-11-01T09:08:18.927Z] Session [2f674f10-bee4-11e7-b9a9-f7f7ce322037] - page.onError - msg: undefined is not a function (evaluating 'id.date_added.startsWith($scope.yearToShow)')
http://localhost:8081/app/js/main.controller.js:83
[ERROR - 2017-11-01T09:08:18.927Z] Session [2f674f10-bee4-11e7-b9a9-f7f7ce322037] - page.onError - stack:
  (anonymous function) (http://localhost:8081/lib/angular/angular.js:14516)
[ERROR - 2017-11-01T09:08:19.184Z] Session [2f674f10-bee4-11e7-b9a9-f7f7ce322037] - page.onError - msg: undefined is not a function (evaluating 'id.date_added.startsWith($scope.yearToShow)')
http://localhost:8081/app/js/main.controller.js:83
[ERROR - 2017-11-01T09:08:19.184Z] Session [2f674f10-bee4-11e7-b9a9-f7f7ce322037] - page.onError - stack:
  (anonymous function) (http://localhost:8081/lib/angular/angular.js:14516)
[ERROR - 2017-11-01T09:08:19.199Z] Session [2f674f10-bee4-11e7-b9a9-f7f7ce322037] - page.onError - msg: undefined is not a function (evaluating 'id.date_added.startsWith($scope.yearToShow)')
http://localhost:8081/app/js/main.controller.js:83
[ERROR - 2017-11-01T09:08:19.200Z] Session [2f674f10-bee4-11e7-b9a9-f7f7ce322037] - page.onError - stack:
  (anonymous function) (http://localhost:8081/lib/angular/angular.js:14516)
[ERROR - 2017-11-01T09:08:19.210Z] Session [2f674f10-bee4-11e7-b9a9-f7f7ce322037] - page.onError - msg: undefined is not a function (evaluating 'id.date_added.startsWith($scope.yearToShow)')
http://localhost:8081/app/js/main.controller.js:83
[ERROR - 2017-11-01T09:08:19.210Z] Session [2f674f10-bee4-11e7-b9a9-f7f7ce322037] - page.onError - stack:
  (anonymous function) (http://localhost:8081/lib/angular/angular.js:14516)
[INFO  - 2017-11-01T09:08:19.980Z] ShutdownReqHand - _handle - About to shutdown
[INFO  - 2017-11-01T09:08:20.109Z] GhostDriver - Main - running on port 1362
[INFO  - 2017-11-01T09:08:20.189Z] Session [34910670-bee4-11e7-ba7b-9187dd4c74ae] - page.settings - {"XSSAuditingEnabled":false,"javascriptCanCloseWindows":true,"javascriptCanOpenWindows":true,"javascriptEnabled":true,"loadImages":true,"localToRemoteUrlAccessEnabled":false,"userAgent":"Mozilla/5.0 (Unknown; Linux x86_64) AppleWebKit/538.1 (KHTML, like Gecko) PhantomJS/2.1.1 Safari/538.1","webSecurityEnabled":true}
[INFO  - 2017-11-01T09:08:20.189Z] Session [34910670-bee4-11e7-ba7b-9187dd4c74ae] - page.customHeaders:  - {}
[INFO  - 2017-11-01T09:08:20.189Z] Session [34910670-bee4-11e7-ba7b-9187dd4c74ae] - Session.negotiatedCapabilities - {"browserName":"phantomjs","version":"2.1.1","driverName":"ghostdriver","driverVersion":"1.2.0","platform":"linux-unknown-64bit","javascriptEnabled":true,"takesScreenshot":true,"handlesAlerts":false,"databaseEnabled":false,"locationContextEnabled":false,"applicationCacheEnabled":false,"browserConnectionEnabled":false,"cssSelectorsEnabled":true,"webStorageEnabled":false,"rotatable":false,"acceptSslCerts":false,"nativeEvents":true,"proxy":{"proxyType":"direct"}}
[INFO  - 2017-11-01T09:08:20.189Z] SessionManagerReqHand - _postNewSessionCommand - New Session Created: 34910670-bee4-11e7-ba7b-9187dd4c74ae
[ERROR - 2017-11-01T09:08:21.360Z] Session [34910670-bee4-11e7-ba7b-9187dd4c74ae] - page.onError - msg: undefined is not a function (evaluating 'id.date_added.startsWith($scope.yearToShow)')
http://localhost:8081/app/js/main.controller.js:83
[ERROR - 2017-11-01T09:08:21.360Z] Session [34910670-bee4-11e7-ba7b-9187dd4c74ae] - page.onError - stack:
  (anonymous function) (http://localhost:8081/lib/angular/angular.js:14516)
[ERROR - 2017-11-01T09:08:21.366Z] Session [34910670-bee4-11e7-ba7b-9187dd4c74ae] - page.onError - msg: undefined is not a function (evaluating 'id.date_added.startsWith($scope.yearToShow)')
http://localhost:8081/app/js/main.controller.js:83
[ERROR - 2017-11-01T09:08:21.366Z] Session [34910670-bee4-11e7-ba7b-9187dd4c74ae] - page.onError - stack:
  (anonymous function) (http://localhost:8081/lib/angular/angular.js:14516)
[ERROR - 2017-11-01T09:08:21.373Z] Session [34910670-bee4-11e7-ba7b-9187dd4c74ae] - page.onError - msg: undefined is not a function (evaluating 'id.date_added.startsWith($scope.yearToShow)')
http://localhost:8081/app/js/main.controller.js:83
[ERROR - 2017-11-01T09:08:21.373Z] Session [34910670-bee4-11e7-ba7b-9187dd4c74ae] - page.onError - stack:
  (anonymous function) (http://localhost:8081/lib/angular/angular.js:14516)
[ERROR - 2017-11-01T09:08:21.379Z] Session [34910670-bee4-11e7-ba7b-9187dd4c74ae] - page.onError - msg: undefined is not a function (evaluating 'id.date_added.startsWith($scope.yearToShow)')
http://localhost:8081/app/js/main.controller.js:83
[ERROR - 2017-11-01T09:08:21.379Z] Session [34910670-bee4-11e7-ba7b-9187dd4c74ae] - page.onError - stack:
  (anonymous function) (http://localhost:8081/lib/angular/angular.js:14516)
[ERROR - 2017-11-01T09:08:21.387Z] Session [34910670-bee4-11e7-ba7b-9187dd4c74ae] - page.onError - msg: undefined is not a function (evaluating 'id.date_added.startsWith($scope.yearToShow)')
http://localhost:8081/app/js/main.controller.js:83
[ERROR - 2017-11-01T09:08:21.387Z] Session [34910670-bee4-11e7-ba7b-9187dd4c74ae] - page.onError - stack:
  (anonymous function) (http://localhost:8081/lib/angular/angular.js:14516)
[ERROR - 2017-11-01T09:08:21.396Z] Session [34910670-bee4-11e7-ba7b-9187dd4c74ae] - page.onError - msg: undefined is not a function (evaluating 'id.date_added.startsWith($scope.yearToShow)')
http://localhost:8081/app/js/main.controller.js:83
[ERROR - 2017-11-01T09:08:21.396Z] Session [34910670-bee4-11e7-ba7b-9187dd4c74ae] - page.onError - stack:
  (anonymous function) (http://localhost:8081/lib/angular/angular.js:14516)
[ERROR - 2017-11-01T09:08:21.614Z] Session [34910670-bee4-11e7-ba7b-9187dd4c74ae] - page.onError - msg: undefined is not a function (evaluating 'id.date_added.startsWith($scope.yearToShow)')
http://localhost:8081/app/js/main.controller.js:83
[ERROR - 2017-11-01T09:08:21.614Z] Session [34910670-bee4-11e7-ba7b-9187dd4c74ae] - page.onError - stack:
  (anonymous function) (http://localhost:8081/lib/angular/angular.js:14516)
[ERROR - 2017-11-01T09:08:21.628Z] Session [34910670-bee4-11e7-ba7b-9187dd4c74ae] - page.onError - msg: undefined is not a function (evaluating 'id.date_added.startsWith($scope.yearToShow)')
http://localhost:8081/app/js/main.controller.js:83
[ERROR - 2017-11-01T09:08:21.628Z] Session [34910670-bee4-11e7-ba7b-9187dd4c74ae] - page.onError - stack:
  (anonymous function) (http://localhost:8081/lib/angular/angular.js:14516)
[ERROR - 2017-11-01T09:08:21.634Z] Session [34910670-bee4-11e7-ba7b-9187dd4c74ae] - page.onError - msg: undefined is not a function (evaluating 'id.date_added.startsWith($scope.yearToShow)')
http://localhost:8081/app/js/main.controller.js:83
[ERROR - 2017-11-01T09:08:21.634Z] Session [34910670-bee4-11e7-ba7b-9187dd4c74ae] - page.onError - stack:
  (anonymous function) (http://localhost:8081/lib/angular/angular.js:14516)
[INFO  - 2017-11-01T09:08:22.342Z] ShutdownReqHand - _handle - About to shutdown
[INFO  - 2017-11-01T09:08:22.477Z] GhostDriver - Main - running on port 7755
[INFO  - 2017-11-01T09:08:22.550Z] Session [35f97010-bee4-11e7-ace2-3119a08c4d0a] - page.settings - {"XSSAuditingEnabled":false,"javascriptCanCloseWindows":true,"javascriptCanOpenWindows":true,"javascriptEnabled":true,"loadImages":true,"localToRemoteUrlAccessEnabled":false,"userAgent":"Mozilla/5.0 (Unknown; Linux x86_64) AppleWebKit/538.1 (KHTML, like Gecko) PhantomJS/2.1.1 Safari/538.1","webSecurityEnabled":true}
[INFO  - 2017-11-01T09:08:22.550Z] Session [35f97010-bee4-11e7-ace2-3119a08c4d0a] - page.customHeaders:  - {}
[INFO  - 2017-11-01T09:08:22.550Z] Session [35f97010-bee4-11e7-ace2-3119a08c4d0a] - Session.negotiatedCapabilities - {"browserName":"phantomjs","version":"2.1.1","driverName":"ghostdriver","driverVersion":"1.2.0","platform":"linux-unknown-64bit","javascriptEnabled":true,"takesScreenshot":true,"handlesAlerts":false,"databaseEnabled":false,"locationContextEnabled":false,"applicationCacheEnabled":false,"browserConnectionEnabled":false,"cssSelectorsEnabled":true,"webStorageEnabled":false,"rotatable":false,"acceptSslCerts":false,"nativeEvents":true,"proxy":{"proxyType":"direct"}}
[INFO  - 2017-11-01T09:08:22.550Z] SessionManagerReqHand - _postNewSessionCommand - New Session Created: 35f97010-bee4-11e7-ace2-3119a08c4d0a
[ERROR - 2017-11-01T09:08:23.630Z] Session [35f97010-bee4-11e7-ace2-3119a08c4d0a] - page.onError - msg: undefined is not a function (evaluating 'id.date_added.startsWith($scope.yearToShow)')
http://localhost:8081/app/js/main.controller.js:83
[ERROR - 2017-11-01T09:08:23.631Z] Session [35f97010-bee4-11e7-ace2-3119a08c4d0a] - page.onError - stack:
  (anonymous function) (http://localhost:8081/lib/angular/angular.js:14516)
[ERROR - 2017-11-01T09:08:23.636Z] Session [35f97010-bee4-11e7-ace2-3119a08c4d0a] - page.onError - msg: undefined is not a function (evaluating 'id.date_added.startsWith($scope.yearToShow)')
http://localhost:8081/app/js/main.controller.js:83
[ERROR - 2017-11-01T09:08:23.636Z] Session [35f97010-bee4-11e7-ace2-3119a08c4d0a] - page.onError - stack:
  (anonymous function) (http://localhost:8081/lib/angular/angular.js:14516)
[ERROR - 2017-11-01T09:08:23.641Z] Session [35f97010-bee4-11e7-ace2-3119a08c4d0a] - page.onError - msg: undefined is not a function (evaluating 'id.date_added.startsWith($scope.yearToShow)')
http://localhost:8081/app/js/main.controller.js:83
[ERROR - 2017-11-01T09:08:23.641Z] Session [35f97010-bee4-11e7-ace2-3119a08c4d0a] - page.onError - stack:
  (anonymous function) (http://localhost:8081/lib/angular/angular.js:14516)
[ERROR - 2017-11-01T09:08:23.645Z] Session [35f97010-bee4-11e7-ace2-3119a08c4d0a] - page.onError - msg: undefined is not a function (evaluating 'id.date_added.startsWith($scope.yearToShow)')
http://localhost:8081/app/js/main.controller.js:83
[ERROR - 2017-11-01T09:08:23.646Z] Session [35f97010-bee4-11e7-ace2-3119a08c4d0a] - page.onError - stack:
  (anonymous function) (http://localhost:8081/lib/angular/angular.js:14516)
[ERROR - 2017-11-01T09:08:23.839Z] Session [35f97010-bee4-11e7-ace2-3119a08c4d0a] - page.onError - msg: undefined is not a function (evaluating 'id.date_added.startsWith($scope.yearToShow)')
http://localhost:8081/app/js/main.controller.js:83
[ERROR - 2017-11-01T09:08:23.839Z] Session [35f97010-bee4-11e7-ace2-3119a08c4d0a] - page.onError - stack:
  (anonymous function) (http://localhost:8081/lib/angular/angular.js:14516)
[ERROR - 2017-11-01T09:08:23.854Z] Session [35f97010-bee4-11e7-ace2-3119a08c4d0a] - page.onError - msg: undefined is not a function (evaluating 'id.date_added.startsWith($scope.yearToShow)')
http://localhost:8081/app/js/main.controller.js:83
[ERROR - 2017-11-01T09:08:23.855Z] Session [35f97010-bee4-11e7-ace2-3119a08c4d0a] - page.onError - stack:
  (anonymous function) (http://localhost:8081/lib/angular/angular.js:14516)
[ERROR - 2017-11-01T09:08:23.864Z] Session [35f97010-bee4-11e7-ace2-3119a08c4d0a] - page.onError - msg: undefined is not a function (evaluating 'id.date_added.startsWith($scope.yearToShow)')
http://localhost:8081/app/js/main.controller.js:83
[ERROR - 2017-11-01T09:08:23.864Z] Session [35f97010-bee4-11e7-ace2-3119a08c4d0a] - page.onError - stack:
  (anonymous function) (http://localhost:8081/lib/angular/angular.js:14516)
[INFO  - 2017-11-01T09:08:24.601Z] ShutdownReqHand - _handle - About to shutdown
[INFO  - 2017-11-01T09:08:24.738Z] GhostDriver - Main - running on port 1847
[INFO  - 2017-11-01T09:08:24.812Z] Session [3752be80-bee4-11e7-b5b5-3b2272365163] - page.settings - {"XSSAuditingEnabled":false,"javascriptCanCloseWindows":true,"javascriptCanOpenWindows":true,"javascriptEnabled":true,"loadImages":true,"localToRemoteUrlAccessEnabled":false,"userAgent":"Mozilla/5.0 (Unknown; Linux x86_64) AppleWebKit/538.1 (KHTML, like Gecko) PhantomJS/2.1.1 Safari/538.1","webSecurityEnabled":true}
[INFO  - 2017-11-01T09:08:24.812Z] Session [3752be80-bee4-11e7-b5b5-3b2272365163] - page.customHeaders:  - {}
[INFO  - 2017-11-01T09:08:24.812Z] Session [3752be80-bee4-11e7-b5b5-3b2272365163] - Session.negotiatedCapabilities - {"browserName":"phantomjs","version":"2.1.1","driverName":"ghostdriver","driverVersion":"1.2.0","platform":"linux-unknown-64bit","javascriptEnabled":true,"takesScreenshot":true,"handlesAlerts":false,"databaseEnabled":false,"locationContextEnabled":false,"applicationCacheEnabled":false,"browserConnectionEnabled":false,"cssSelectorsEnabled":true,"webStorageEnabled":false,"rotatable":false,"acceptSslCerts":false,"nativeEvents":true,"proxy":{"proxyType":"direct"}}
[INFO  - 2017-11-01T09:08:24.812Z] SessionManagerReqHand - _postNewSessionCommand - New Session Created: 3752be80-bee4-11e7-b5b5-3b2272365163
[ERROR - 2017-11-01T09:08:25.891Z] Session [3752be80-bee4-11e7-b5b5-3b2272365163] - page.onError - msg: undefined is not a function (evaluating 'id.date_added.startsWith($scope.yearToShow)')
http://localhost:8081/app/js/main.controller.js:83
[ERROR - 2017-11-01T09:08:25.892Z] Session [3752be80-bee4-11e7-b5b5-3b2272365163] - page.onError - stack:
  (anonymous function) (http://localhost:8081/lib/angular/angular.js:14516)
[ERROR - 2017-11-01T09:08:25.897Z] Session [3752be80-bee4-11e7-b5b5-3b2272365163] - page.onError - msg: undefined is not a function (evaluating 'id.date_added.startsWith($scope.yearToShow)')
http://localhost:8081/app/js/main.controller.js:83
[ERROR - 2017-11-01T09:08:25.897Z] Session [3752be80-bee4-11e7-b5b5-3b2272365163] - page.onError - stack:
  (anonymous function) (http://localhost:8081/lib/angular/angular.js:14516)
[ERROR - 2017-11-01T09:08:25.904Z] Session [3752be80-bee4-11e7-b5b5-3b2272365163] - page.onError - msg: undefined is not a function (evaluating 'id.date_added.startsWith($scope.yearToShow)')
http://localhost:8081/app/js/main.controller.js:83
[ERROR - 2017-11-01T09:08:25.904Z] Session [3752be80-bee4-11e7-b5b5-3b2272365163] - page.onError - stack:
  (anonymous function) (http://localhost:8081/lib/angular/angular.js:14516)
[ERROR - 2017-11-01T09:08:25.909Z] Session [3752be80-bee4-11e7-b5b5-3b2272365163] - page.onError - msg: undefined is not a function (evaluating 'id.date_added.startsWith($scope.yearToShow)')
http://localhost:8081/app/js/main.controller.js:83
[ERROR - 2017-11-01T09:08:25.909Z] Session [3752be80-bee4-11e7-b5b5-3b2272365163] - page.onError - stack:
  (anonymous function) (http://localhost:8081/lib/angular/angular.js:14516)
[ERROR - 2017-11-01T09:08:26.130Z] Session [3752be80-bee4-11e7-b5b5-3b2272365163] - page.onError - msg: undefined is not a function (evaluating 'id.date_added.startsWith($scope.yearToShow)')
http://localhost:8081/app/js/main.controller.js:83
[ERROR - 2017-11-01T09:08:26.130Z] Session [3752be80-bee4-11e7-b5b5-3b2272365163] - page.onError - stack:
  (anonymous function) (http://localhost:8081/lib/angular/angular.js:14516)
[ERROR - 2017-11-01T09:08:26.136Z] Session [3752be80-bee4-11e7-b5b5-3b2272365163] - page.onError - msg: undefined is not a function (evaluating 'id.date_added.startsWith($scope.yearToShow)')
http://localhost:8081/app/js/main.controller.js:83
[ERROR - 2017-11-01T09:08:26.136Z] Session [3752be80-bee4-11e7-b5b5-3b2272365163] - page.onError - stack:
  (anonymous function) (http://localhost:8081/lib/angular/angular.js:14516)
[INFO  - 2017-11-01T09:08:26.893Z] ShutdownReqHand - _handle - About to shutdown
[INFO  - 2017-11-01T09:08:27.016Z] GhostDriver - Main - running on port 13896
[INFO  - 2017-11-01T09:08:27.098Z] Session [38af6850-bee4-11e7-9c64-274f097fd0a1] - page.settings - {"XSSAuditingEnabled":false,"javascriptCanCloseWindows":true,"javascriptCanOpenWindows":true,"javascriptEnabled":true,"loadImages":true,"localToRemoteUrlAccessEnabled":false,"userAgent":"Mozilla/5.0 (Unknown; Linux x86_64) AppleWebKit/538.1 (KHTML, like Gecko) PhantomJS/2.1.1 Safari/538.1","webSecurityEnabled":true}
[INFO  - 2017-11-01T09:08:27.098Z] Session [38af6850-bee4-11e7-9c64-274f097fd0a1] - page.customHeaders:  - {}
[INFO  - 2017-11-01T09:08:27.098Z] Session [38af6850-bee4-11e7-9c64-274f097fd0a1] - Session.negotiatedCapabilities - {"browserName":"phantomjs","version":"2.1.1","driverName":"ghostdriver","driverVersion":"1.2.0","platform":"linux-unknown-64bit","javascriptEnabled":true,"takesScreenshot":true,"handlesAlerts":false,"databaseEnabled":false,"locationContextEnabled":false,"applicationCacheEnabled":false,"browserConnectionEnabled":false,"cssSelectorsEnabled":true,"webStorageEnabled":false,"rotatable":false,"acceptSslCerts":false,"nativeEvents":true,"proxy":{"proxyType":"direct"}}
[INFO  - 2017-11-01T09:08:27.098Z] SessionManagerReqHand - _postNewSessionCommand - New Session Created: 38af6850-bee4-11e7-9c64-274f097fd0a1
[ERROR - 2017-11-01T09:08:28.129Z] Session [38af6850-bee4-11e7-9c64-274f097fd0a1] - page.onError - msg: undefined is not a function (evaluating 'id.date_added.startsWith($scope.yearToShow)')
http://localhost:8081/app/js/main.controller.js:83
[ERROR - 2017-11-01T09:08:28.130Z] Session [38af6850-bee4-11e7-9c64-274f097fd0a1] - page.onError - stack:
  (anonymous function) (http://localhost:8081/lib/angular/angular.js:14516)
[ERROR - 2017-11-01T09:08:28.134Z] Session [38af6850-bee4-11e7-9c64-274f097fd0a1] - page.onError - msg: undefined is not a function (evaluating 'id.date_added.startsWith($scope.yearToShow)')
http://localhost:8081/app/js/main.controller.js:83
[ERROR - 2017-11-01T09:08:28.134Z] Session [38af6850-bee4-11e7-9c64-274f097fd0a1] - page.onError - stack:
  (anonymous function) (http://localhost:8081/lib/angular/angular.js:14516)
[ERROR - 2017-11-01T09:08:28.359Z] Session [38af6850-bee4-11e7-9c64-274f097fd0a1] - page.onError - msg: undefined is not a function (evaluating 'id.date_added.startsWith($scope.yearToShow)')
http://localhost:8081/app/js/main.controller.js:83
[ERROR - 2017-11-01T09:08:28.359Z] Session [38af6850-bee4-11e7-9c64-274f097fd0a1] - page.onError - stack:
  (anonymous function) (http://localhost:8081/lib/angular/angular.js:14516)
[ERROR - 2017-11-01T09:08:28.365Z] Session [38af6850-bee4-11e7-9c64-274f097fd0a1] - page.onError - msg: undefined is not a function (evaluating 'id.date_added.startsWith($scope.yearToShow)')
http://localhost:8081/app/js/main.controller.js:83
[ERROR - 2017-11-01T09:08:28.365Z] Session [38af6850-bee4-11e7-9c64-274f097fd0a1] - page.onError - stack:
  (anonymous function) (http://localhost:8081/lib/angular/angular.js:14516)
[ERROR - 2017-11-01T09:08:28.582Z] Session [38af6850-bee4-11e7-9c64-274f097fd0a1] - page.onError - msg: undefined is not a function (evaluating 'id.date_added.startsWith($scope.yearToShow)')
http://localhost:8081/app/js/main.controller.js:83
[ERROR - 2017-11-01T09:08:28.582Z] Session [38af6850-bee4-11e7-9c64-274f097fd0a1] - page.onError - stack:
  (anonymous function) (http://localhost:8081/lib/angular/angular.js:14516)
[INFO  - 2017-11-01T09:08:29.477Z] ShutdownReqHand - _handle - About to shutdown
[INFO  - 2017-11-01T09:08:29.614Z] GhostDriver - Main - running on port 27603
[INFO  - 2017-11-01T09:08:29.683Z] Session [3a39fff0-bee4-11e7-97d5-bf1a4fe6d49f] - page.settings - {"XSSAuditingEnabled":false,"javascriptCanCloseWindows":true,"javascriptCanOpenWindows":true,"javascriptEnabled":true,"loadImages":true,"localToRemoteUrlAccessEnabled":false,"userAgent":"Mozilla/5.0 (Unknown; Linux x86_64) AppleWebKit/538.1 (KHTML, like Gecko) PhantomJS/2.1.1 Safari/538.1","webSecurityEnabled":true}
[INFO  - 2017-11-01T09:08:29.683Z] Session [3a39fff0-bee4-11e7-97d5-bf1a4fe6d49f] - page.customHeaders:  - {}
[INFO  - 2017-11-01T09:08:29.684Z] Session [3a39fff0-bee4-11e7-97d5-bf1a4fe6d49f] - Session.negotiatedCapabilities - {"browserName":"phantomjs","version":"2.1.1","driverName":"ghostdriver","driverVersion":"1.2.0","platform":"linux-unknown-64bit","javascriptEnabled":true,"takesScreenshot":true,"handlesAlerts":false,"databaseEnabled":false,"locationContextEnabled":false,"applicationCacheEnabled":false,"browserConnectionEnabled":false,"cssSelectorsEnabled":true,"webStorageEnabled":false,"rotatable":false,"acceptSslCerts":false,"nativeEvents":true,"proxy":{"proxyType":"direct"}}
[INFO  - 2017-11-01T09:08:29.684Z] SessionManagerReqHand - _postNewSessionCommand - New Session Created: 3a39fff0-bee4-11e7-97d5-bf1a4fe6d49f
[ERROR - 2017-11-01T09:08:30.848Z] Session [3a39fff0-bee4-11e7-97d5-bf1a4fe6d49f] - page.onError - msg: undefined is not a function (evaluating 'id.date_added.startsWith($scope.yearToShow)')
http://localhost:8081/app/js/main.controller.js:83
[ERROR - 2017-11-01T09:08:30.849Z] Session [3a39fff0-bee4-11e7-97d5-bf1a4fe6d49f] - page.onError - stack:
  (anonymous function) (http://localhost:8081/lib/angular/angular.js:14516)
[ERROR - 2017-11-01T09:08:30.854Z] Session [3a39fff0-bee4-11e7-97d5-bf1a4fe6d49f] - page.onError - msg: undefined is not a function (evaluating 'id.date_added.startsWith($scope.yearToShow)')
http://localhost:8081/app/js/main.controller.js:83
[ERROR - 2017-11-01T09:08:30.854Z] Session [3a39fff0-bee4-11e7-97d5-bf1a4fe6d49f] - page.onError - stack:
  (anonymous function) (http://localhost:8081/lib/angular/angular.js:14516)
[ERROR - 2017-11-01T09:08:30.862Z] Session [3a39fff0-bee4-11e7-97d5-bf1a4fe6d49f] - page.onError - msg: undefined is not a function (evaluating 'id.date_added.startsWith($scope.yearToShow)')
http://localhost:8081/app/js/main.controller.js:83
[ERROR - 2017-11-01T09:08:30.862Z] Session [3a39fff0-bee4-11e7-97d5-bf1a4fe6d49f] - page.onError - stack:
  (anonymous function) (http://localhost:8081/lib/angular/angular.js:14516)
[ERROR - 2017-11-01T09:08:30.867Z] Session [3a39fff0-bee4-11e7-97d5-bf1a4fe6d49f] - page.onError - msg: undefined is not a function (evaluating 'id.date_added.startsWith($scope.yearToShow)')
http://localhost:8081/app/js/main.controller.js:83
[ERROR - 2017-11-01T09:08:30.867Z] Session [3a39fff0-bee4-11e7-97d5-bf1a4fe6d49f] - page.onError - stack:
  (anonymous function) (http://localhost:8081/lib/angular/angular.js:14516)
[ERROR - 2017-11-01T09:08:30.873Z] Session [3a39fff0-bee4-11e7-97d5-bf1a4fe6d49f] - page.onError - msg: undefined is not a function (evaluating 'id.date_added.startsWith($scope.yearToShow)')
http://localhost:8081/app/js/main.controller.js:83
[ERROR - 2017-11-01T09:08:30.873Z] Session [3a39fff0-bee4-11e7-97d5-bf1a4fe6d49f] - page.onError - stack:
  (anonymous function) (http://localhost:8081/lib/angular/angular.js:14516)
[ERROR - 2017-11-01T09:08:30.878Z] Session [3a39fff0-bee4-11e7-97d5-bf1a4fe6d49f] - page.onError - msg: undefined is not a function (evaluating 'id.date_added.startsWith($scope.yearToShow)')
http://localhost:8081/app/js/main.controller.js:83
[ERROR - 2017-11-01T09:08:30.878Z] Session [3a39fff0-bee4-11e7-97d5-bf1a4fe6d49f] - page.onError - stack:
  (anonymous function) (http://localhost:8081/lib/angular/angular.js:14516)
[ERROR - 2017-11-01T09:08:31.105Z] Session [3a39fff0-bee4-11e7-97d5-bf1a4fe6d49f] - page.onError - msg: undefined is not a function (evaluating 'id.date_added.startsWith($scope.yearToShow)')
http://localhost:8081/app/js/main.controller.js:83
[ERROR - 2017-11-01T09:08:31.105Z] Session [3a39fff0-bee4-11e7-97d5-bf1a4fe6d49f] - page.onError - stack:
  (anonymous function) (http://localhost:8081/lib/angular/angular.js:14516)
[ERROR - 2017-11-01T09:08:31.110Z] Session [3a39fff0-bee4-11e7-97d5-bf1a4fe6d49f] - page.onError - msg: undefined is not a function (evaluating 'id.date_added.startsWith($scope.yearToShow)')
http://localhost:8081/app/js/main.controller.js:83
[ERROR - 2017-11-01T09:08:31.110Z] Session [3a39fff0-bee4-11e7-97d5-bf1a4fe6d49f] - page.onError - stack:
  (anonymous function) (http://localhost:8081/lib/angular/angular.js:14516)
[INFO  - 2017-11-01T09:08:31.920Z] ShutdownReqHand - _handle - About to shutdown
[INFO  - 2017-11-01T09:08:32.089Z] GhostDriver - Main - running on port 13249
[INFO  - 2017-11-01T09:08:32.162Z] Session [3bb41cd0-bee4-11e7-818e-b92d9825a62b] - page.settings - {"XSSAuditingEnabled":false,"javascriptCanCloseWindows":true,"javascriptCanOpenWindows":true,"javascriptEnabled":true,"loadImages":true,"localToRemoteUrlAccessEnabled":false,"userAgent":"Mozilla/5.0 (Unknown; Linux x86_64) AppleWebKit/538.1 (KHTML, like Gecko) PhantomJS/2.1.1 Safari/538.1","webSecurityEnabled":true}
[INFO  - 2017-11-01T09:08:32.163Z] Session [3bb41cd0-bee4-11e7-818e-b92d9825a62b] - page.customHeaders:  - {}
[INFO  - 2017-11-01T09:08:32.163Z] Session [3bb41cd0-bee4-11e7-818e-b92d9825a62b] - Session.negotiatedCapabilities - {"browserName":"phantomjs","version":"2.1.1","driverName":"ghostdriver","driverVersion":"1.2.0","platform":"linux-unknown-64bit","javascriptEnabled":true,"takesScreenshot":true,"handlesAlerts":false,"databaseEnabled":false,"locationContextEnabled":false,"applicationCacheEnabled":false,"browserConnectionEnabled":false,"cssSelectorsEnabled":true,"webStorageEnabled":false,"rotatable":false,"acceptSslCerts":false,"nativeEvents":true,"proxy":{"proxyType":"direct"}}
[INFO  - 2017-11-01T09:08:32.163Z] SessionManagerReqHand - _postNewSessionCommand - New Session Created: 3bb41cd0-bee4-11e7-818e-b92d9825a62b
[ERROR - 2017-11-01T09:08:33.251Z] Session [3bb41cd0-bee4-11e7-818e-b92d9825a62b] - page.onError - msg: undefined is not a function (evaluating 'id.date_added.startsWith($scope.yearToShow)')
http://localhost:8081/app/js/main.controller.js:83
[ERROR - 2017-11-01T09:08:33.252Z] Session [3bb41cd0-bee4-11e7-818e-b92d9825a62b] - page.onError - stack:
  (anonymous function) (http://localhost:8081/lib/angular/angular.js:14516)
[ERROR - 2017-11-01T09:08:33.256Z] Session [3bb41cd0-bee4-11e7-818e-b92d9825a62b] - page.onError - msg: undefined is not a function (evaluating 'id.date_added.startsWith($scope.yearToShow)')
http://localhost:8081/app/js/main.controller.js:83
[ERROR - 2017-11-01T09:08:33.256Z] Session [3bb41cd0-bee4-11e7-818e-b92d9825a62b] - page.onError - stack:
  (anonymous function) (http://localhost:8081/lib/angular/angular.js:14516)
[ERROR - 2017-11-01T09:08:33.261Z] Session [3bb41cd0-bee4-11e7-818e-b92d9825a62b] - page.onError - msg: undefined is not a function (evaluating 'id.date_added.startsWith($scope.yearToShow)')
http://localhost:8081/app/js/main.controller.js:83
[ERROR - 2017-11-01T09:08:33.261Z] Session [3bb41cd0-bee4-11e7-818e-b92d9825a62b] - page.onError - stack:
  (anonymous function) (http://localhost:8081/lib/angular/angular.js:14516)
[ERROR - 2017-11-01T09:08:33.267Z] Session [3bb41cd0-bee4-11e7-818e-b92d9825a62b] - page.onError - msg: undefined is not a function (evaluating 'id.date_added.startsWith($scope.yearToShow)')
http://localhost:8081/app/js/main.controller.js:83
[ERROR - 2017-11-01T09:08:33.267Z] Session [3bb41cd0-bee4-11e7-818e-b92d9825a62b] - page.onError - stack:
  (anonymous function) (http://localhost:8081/lib/angular/angular.js:14516)
[ERROR - 2017-11-01T09:08:33.273Z] Session [3bb41cd0-bee4-11e7-818e-b92d9825a62b] - page.onError - msg: undefined is not a function (evaluating 'id.date_added.startsWith($scope.yearToShow)')
http://localhost:8081/app/js/main.controller.js:83
[ERROR - 2017-11-01T09:08:33.274Z] Session [3bb41cd0-bee4-11e7-818e-b92d9825a62b] - page.onError - stack:
  (anonymous function) (http://localhost:8081/lib/angular/angular.js:14516)
[ERROR - 2017-11-01T09:08:33.277Z] Session [3bb41cd0-bee4-11e7-818e-b92d9825a62b] - page.onError - msg: undefined is not a function (evaluating 'id.date_added.startsWith($scope.yearToShow)')
http://localhost:8081/app/js/main.controller.js:83
[ERROR - 2017-11-01T09:08:33.277Z] Session [3bb41cd0-bee4-11e7-818e-b92d9825a62b] - page.onError - stack:
  (anonymous function) (http://localhost:8081/lib/angular/angular.js:14516)
[INFO  - 2017-11-01T09:08:33.433Z] ShutdownReqHand - _handle - About to shutdown
[INFO  - 2017-11-01T09:08:33.558Z] GhostDriver - Main - running on port 3759
[INFO  - 2017-11-01T09:08:33.634Z] Session [3c94b8d0-bee4-11e7-8df1-4370a4e949a6] - page.settings - {"XSSAuditingEnabled":false,"javascriptCanCloseWindows":true,"javascriptCanOpenWindows":true,"javascriptEnabled":true,"loadImages":true,"localToRemoteUrlAccessEnabled":false,"userAgent":"Mozilla/5.0 (Unknown; Linux x86_64) AppleWebKit/538.1 (KHTML, like Gecko) PhantomJS/2.1.1 Safari/538.1","webSecurityEnabled":true}
[INFO  - 2017-11-01T09:08:33.634Z] Session [3c94b8d0-bee4-11e7-8df1-4370a4e949a6] - page.customHeaders:  - {}
[INFO  - 2017-11-01T09:08:33.635Z] Session [3c94b8d0-bee4-11e7-8df1-4370a4e949a6] - Session.negotiatedCapabilities - {"browserName":"phantomjs","version":"2.1.1","driverName":"ghostdriver","driverVersion":"1.2.0","platform":"linux-unknown-64bit","javascriptEnabled":true,"takesScreenshot":true,"handlesAlerts":false,"databaseEnabled":false,"locationContextEnabled":false,"applicationCacheEnabled":false,"browserConnectionEnabled":false,"cssSelectorsEnabled":true,"webStorageEnabled":false,"rotatable":false,"acceptSslCerts":false,"nativeEvents":true,"proxy":{"proxyType":"direct"}}
[INFO  - 2017-11-01T09:08:33.635Z] SessionManagerReqHand - _postNewSessionCommand - New Session Created: 3c94b8d0-bee4-11e7-8df1-4370a4e949a6
[ERROR - 2017-11-01T09:08:34.720Z] Session [3c94b8d0-bee4-11e7-8df1-4370a4e949a6] - page.onError - msg: undefined is not a function (evaluating 'id.date_added.startsWith($scope.yearToShow)')
http://localhost:8081/app/js/main.controller.js:83
[ERROR - 2017-11-01T09:08:34.720Z] Session [3c94b8d0-bee4-11e7-8df1-4370a4e949a6] - page.onError - stack:
  (anonymous function) (http://localhost:8081/lib/angular/angular.js:14516)
[ERROR - 2017-11-01T09:08:34.726Z] Session [3c94b8d0-bee4-11e7-8df1-4370a4e949a6] - page.onError - msg: undefined is not a function (evaluating 'id.date_added.startsWith($scope.yearToShow)')
http://localhost:8081/app/js/main.controller.js:83
[ERROR - 2017-11-01T09:08:34.726Z] Session [3c94b8d0-bee4-11e7-8df1-4370a4e949a6] - page.onError - stack:
  (anonymous function) (http://localhost:8081/lib/angular/angular.js:14516)
[ERROR - 2017-11-01T09:08:34.731Z] Session [3c94b8d0-bee4-11e7-8df1-4370a4e949a6] - page.onError - msg: undefined is not a function (evaluating 'id.date_added.startsWith($scope.yearToShow)')
http://localhost:8081/app/js/main.controller.js:83
[ERROR - 2017-11-01T09:08:34.731Z] Session [3c94b8d0-bee4-11e7-8df1-4370a4e949a6] - page.onError - stack:
  (anonymous function) (http://localhost:8081/lib/angular/angular.js:14516)
[ERROR - 2017-11-01T09:08:34.735Z] Session [3c94b8d0-bee4-11e7-8df1-4370a4e949a6] - page.onError - msg: undefined is not a function (evaluating 'id.date_added.startsWith($scope.yearToShow)')
http://localhost:8081/app/js/main.controller.js:83
[ERROR - 2017-11-01T09:08:34.736Z] Session [3c94b8d0-bee4-11e7-8df1-4370a4e949a6] - page.onError - stack:
  (anonymous function) (http://localhost:8081/lib/angular/angular.js:14516)
[ERROR - 2017-11-01T09:08:34.883Z] Session [3c94b8d0-bee4-11e7-8df1-4370a4e949a6] - page.onError - msg: undefined is not a function (evaluating 'id.date_added.startsWith($scope.yearToShow)')
http://localhost:8081/app/js/main.controller.js:83
[ERROR - 2017-11-01T09:08:34.883Z] Session [3c94b8d0-bee4-11e7-8df1-4370a4e949a6] - page.onError - stack:
  (anonymous function) (http://localhost:8081/lib/angular/angular.js:14516)
[ERROR - 2017-11-01T09:08:34.897Z] Session [3c94b8d0-bee4-11e7-8df1-4370a4e949a6] - page.onError - msg: undefined is not a function (evaluating 'id.date_added.startsWith($scope.yearToShow)')
http://localhost:8081/app/js/main.controller.js:83
[ERROR - 2017-11-01T09:08:34.897Z] Session [3c94b8d0-bee4-11e7-8df1-4370a4e949a6] - page.onError - stack:
  (anonymous function) (http://localhost:8081/lib/angular/angular.js:14516)
[ERROR - 2017-11-01T09:08:34.904Z] Session [3c94b8d0-bee4-11e7-8df1-4370a4e949a6] - page.onError - msg: undefined is not a function (evaluating 'id.date_added.startsWith($scope.yearToShow)')
http://localhost:8081/app/js/main.controller.js:83
[ERROR - 2017-11-01T09:08:34.905Z] Session [3c94b8d0-bee4-11e7-8df1-4370a4e949a6] - page.onError - stack:
  (anonymous function) (http://localhost:8081/lib/angular/angular.js:14516)
[ERROR - 2017-11-01T09:08:35.293Z] Session [3c94b8d0-bee4-11e7-8df1-4370a4e949a6] - page.onError - msg: undefined is not a function (evaluating 'id.date_added.startsWith($scope.yearToShow)')
http://localhost:8081/app/js/main.controller.js:83
[ERROR - 2017-11-01T09:08:35.293Z] Session [3c94b8d0-bee4-11e7-8df1-4370a4e949a6] - page.onError - stack:
  (anonymous function) (http://localhost:8081/lib/angular/angular.js:14516)
[ERROR - 2017-11-01T09:08:35.299Z] Session [3c94b8d0-bee4-11e7-8df1-4370a4e949a6] - page.onError - msg: undefined is not a function (evaluating 'id.date_added.startsWith($scope.yearToShow)')
http://localhost:8081/app/js/main.controller.js:83
[ERROR - 2017-11-01T09:08:35.299Z] Session [3c94b8d0-bee4-11e7-8df1-4370a4e949a6] - page.onError - stack:
  (anonymous function) (http://localhost:8081/lib/angular/angular.js:14516)
[INFO  - 2017-11-01T09:08:35.577Z] ShutdownReqHand - _handle - About to shutdown
[INFO  - 2017-11-01T09:08:35.706Z] GhostDriver - Main - running on port 26833
[INFO  - 2017-11-01T09:08:35.785Z] Session [3ddcc930-bee4-11e7-99e0-2dd203960207] - page.settings - {"XSSAuditingEnabled":false,"javascriptCanCloseWindows":true,"javascriptCanOpenWindows":true,"javascriptEnabled":true,"loadImages":true,"localToRemoteUrlAccessEnabled":false,"userAgent":"Mozilla/5.0 (Unknown; Linux x86_64) AppleWebKit/538.1 (KHTML, like Gecko) PhantomJS/2.1.1 Safari/538.1","webSecurityEnabled":true}
[INFO  - 2017-11-01T09:08:35.785Z] Session [3ddcc930-bee4-11e7-99e0-2dd203960207] - page.customHeaders:  - {}
[INFO  - 2017-11-01T09:08:35.785Z] Session [3ddcc930-bee4-11e7-99e0-2dd203960207] - Session.negotiatedCapabilities - {"browserName":"phantomjs","version":"2.1.1","driverName":"ghostdriver","driverVersion":"1.2.0","platform":"linux-unknown-64bit","javascriptEnabled":true,"takesScreenshot":true,"handlesAlerts":false,"databaseEnabled":false,"locationContextEnabled":false,"applicationCacheEnabled":false,"browserConnectionEnabled":false,"cssSelectorsEnabled":true,"webStorageEnabled":false,"rotatable":false,"acceptSslCerts":false,"nativeEvents":true,"proxy":{"proxyType":"direct"}}
[INFO  - 2017-11-01T09:08:35.786Z] SessionManagerReqHand - _postNewSessionCommand - New Session Created: 3ddcc930-bee4-11e7-99e0-2dd203960207
[ERROR - 2017-11-01T09:08:36.812Z] Session [3ddcc930-bee4-11e7-99e0-2dd203960207] - page.onError - msg: undefined is not a function (evaluating 'id.date_added.startsWith($scope.yearToShow)')
http://localhost:8081/app/js/main.controller.js:83
[ERROR - 2017-11-01T09:08:36.812Z] Session [3ddcc930-bee4-11e7-99e0-2dd203960207] - page.onError - stack:
  (anonymous function) (http://localhost:8081/lib/angular/angular.js:14516)
[ERROR - 2017-11-01T09:08:36.818Z] Session [3ddcc930-bee4-11e7-99e0-2dd203960207] - page.onError - msg: undefined is not a function (evaluating 'id.date_added.startsWith($scope.yearToShow)')
http://localhost:8081/app/js/main.controller.js:83
[ERROR - 2017-11-01T09:08:36.818Z] Session [3ddcc930-bee4-11e7-99e0-2dd203960207] - page.onError - stack:
  (anonymous function) (http://localhost:8081/lib/angular/angular.js:14516)
[ERROR - 2017-11-01T09:08:36.822Z] Session [3ddcc930-bee4-11e7-99e0-2dd203960207] - page.onError - msg: undefined is not a function (evaluating 'id.date_added.startsWith($scope.yearToShow)')
http://localhost:8081/app/js/main.controller.js:83
[ERROR - 2017-11-01T09:08:36.822Z] Session [3ddcc930-bee4-11e7-99e0-2dd203960207] - page.onError - stack:
  (anonymous function) (http://localhost:8081/lib/angular/angular.js:14516)
[ERROR - 2017-11-01T09:08:36.826Z] Session [3ddcc930-bee4-11e7-99e0-2dd203960207] - page.onError - msg: undefined is not a function (evaluating 'id.date_added.startsWith($scope.yearToShow)')
http://localhost:8081/app/js/main.controller.js:83
[ERROR - 2017-11-01T09:08:36.826Z] Session [3ddcc930-bee4-11e7-99e0-2dd203960207] - page.onError - stack:
  (anonymous function) (http://localhost:8081/lib/angular/angular.js:14516)
[ERROR - 2017-11-01T09:08:36.972Z] Session [3ddcc930-bee4-11e7-99e0-2dd203960207] - page.onError - msg: undefined is not a function (evaluating 'id.date_added.startsWith($scope.yearToShow)')
http://localhost:8081/app/js/main.controller.js:83
[ERROR - 2017-11-01T09:08:36.972Z] Session [3ddcc930-bee4-11e7-99e0-2dd203960207] - page.onError - stack:
  (anonymous function) (http://localhost:8081/lib/angular/angular.js:14516)
[ERROR - 2017-11-01T09:08:36.988Z] Session [3ddcc930-bee4-11e7-99e0-2dd203960207] - page.onError - msg: undefined is not a function (evaluating 'id.date_added.startsWith($scope.yearToShow)')
http://localhost:8081/app/js/main.controller.js:83
[ERROR - 2017-11-01T09:08:36.988Z] Session [3ddcc930-bee4-11e7-99e0-2dd203960207] - page.onError - stack:
  (anonymous function) (http://localhost:8081/lib/angular/angular.js:14516)
[ERROR - 2017-11-01T09:08:36.992Z] Session [3ddcc930-bee4-11e7-99e0-2dd203960207] - page.onError - msg: undefined is not a function (evaluating 'id.date_added.startsWith($scope.yearToShow)')
http://localhost:8081/app/js/main.controller.js:83
[ERROR - 2017-11-01T09:08:36.992Z] Session [3ddcc930-bee4-11e7-99e0-2dd203960207] - page.onError - stack:
  (anonymous function) (http://localhost:8081/lib/angular/angular.js:14516)
[ERROR - 2017-11-01T09:08:37.207Z] Session [3ddcc930-bee4-11e7-99e0-2dd203960207] - page.onError - msg: undefined is not a function (evaluating 'id.date_added.startsWith($scope.yearToShow)')
http://localhost:8081/app/js/main.controller.js:83
[ERROR - 2017-11-01T09:08:37.207Z] Session [3ddcc930-bee4-11e7-99e0-2dd203960207] - page.onError - stack:
  (anonymous function) (http://localhost:8081/lib/angular/angular.js:14516)
[INFO  - 2017-11-01T09:08:47.252Z] ShutdownReqHand - _handle - About to shutdown
[INFO  - 2017-11-01T09:08:47.383Z] GhostDriver - Main - running on port 3640
[INFO  - 2017-11-01T09:08:47.459Z] Session [44d218d0-bee4-11e7-93c8-255fe0d093ce] - page.settings - {"XSSAuditingEnabled":false,"javascriptCanCloseWindows":true,"javascriptCanOpenWindows":true,"javascriptEnabled":true,"loadImages":true,"localToRemoteUrlAccessEnabled":false,"userAgent":"Mozilla/5.0 (Unknown; Linux x86_64) AppleWebKit/538.1 (KHTML, like Gecko) PhantomJS/2.1.1 Safari/538.1","webSecurityEnabled":true}
[INFO  - 2017-11-01T09:08:47.459Z] Session [44d218d0-bee4-11e7-93c8-255fe0d093ce] - page.customHeaders:  - {}
[INFO  - 2017-11-01T09:08:47.460Z] Session [44d218d0-bee4-11e7-93c8-255fe0d093ce] - Session.negotiatedCapabilities - {"browserName":"phantomjs","version":"2.1.1","driverName":"ghostdriver","driverVersion":"1.2.0","platform":"linux-unknown-64bit","javascriptEnabled":true,"takesScreenshot":true,"handlesAlerts":false,"databaseEnabled":false,"locationContextEnabled":false,"applicationCacheEnabled":false,"browserConnectionEnabled":false,"cssSelectorsEnabled":true,"webStorageEnabled":false,"rotatable":false,"acceptSslCerts":false,"nativeEvents":true,"proxy":{"proxyType":"direct"}}
[INFO  - 2017-11-01T09:08:47.460Z] SessionManagerReqHand - _postNewSessionCommand - New Session Created: 44d218d0-bee4-11e7-93c8-255fe0d093ce
[ERROR - 2017-11-01T09:08:48.492Z] Session [44d218d0-bee4-11e7-93c8-255fe0d093ce] - page.onError - msg: undefined is not a function (evaluating 'id.date_added.startsWith($scope.yearToShow)')
http://localhost:8081/app/js/main.controller.js:83
[ERROR - 2017-11-01T09:08:48.492Z] Session [44d218d0-bee4-11e7-93c8-255fe0d093ce] - page.onError - stack:
  (anonymous function) (http://localhost:8081/lib/angular/angular.js:14516)
[ERROR - 2017-11-01T09:08:48.497Z] Session [44d218d0-bee4-11e7-93c8-255fe0d093ce] - page.onError - msg: undefined is not a function (evaluating 'id.date_added.startsWith($scope.yearToShow)')
http://localhost:8081/app/js/main.controller.js:83
[ERROR - 2017-11-01T09:08:48.497Z] Session [44d218d0-bee4-11e7-93c8-255fe0d093ce] - page.onError - stack:
  (anonymous function) (http://localhost:8081/lib/angular/angular.js:14516)
[ERROR - 2017-11-01T09:08:48.502Z] Session [44d218d0-bee4-11e7-93c8-255fe0d093ce] - page.onError - msg: undefined is not a function (evaluating 'id.date_added.startsWith($scope.yearToShow)')
http://localhost:8081/app/js/main.controller.js:83
[ERROR - 2017-11-01T09:08:48.503Z] Session [44d218d0-bee4-11e7-93c8-255fe0d093ce] - page.onError - stack:
  (anonymous function) (http://localhost:8081/lib/angular/angular.js:14516)
[ERROR - 2017-11-01T09:08:48.506Z] Session [44d218d0-bee4-11e7-93c8-255fe0d093ce] - page.onError - msg: undefined is not a function (evaluating 'id.date_added.startsWith($scope.yearToShow)')
http://localhost:8081/app/js/main.controller.js:83
[ERROR - 2017-11-01T09:08:48.506Z] Session [44d218d0-bee4-11e7-93c8-255fe0d093ce] - page.onError - stack:
  (anonymous function) (http://localhost:8081/lib/angular/angular.js:14516)
[ERROR - 2017-11-01T09:08:48.700Z] Session [44d218d0-bee4-11e7-93c8-255fe0d093ce] - page.onError - msg: undefined is not a function (evaluating 'id.date_added.startsWith($scope.yearToShow)')
http://localhost:8081/app/js/main.controller.js:83
[ERROR - 2017-11-01T09:08:48.700Z] Session [44d218d0-bee4-11e7-93c8-255fe0d093ce] - page.onError - stack:
  (anonymous function) (http://localhost:8081/lib/angular/angular.js:14516)
[ERROR - 2017-11-01T09:08:48.706Z] Session [44d218d0-bee4-11e7-93c8-255fe0d093ce] - page.onError - msg: undefined is not a function (evaluating 'id.date_added.startsWith($scope.yearToShow)')
http://localhost:8081/app/js/main.controller.js:83
[ERROR - 2017-11-01T09:08:48.706Z] Session [44d218d0-bee4-11e7-93c8-255fe0d093ce] - page.onError - stack:
  (anonymous function) (http://localhost:8081/lib/angular/angular.js:14516)
[ERROR - 2017-11-01T09:08:48.921Z] Session [44d218d0-bee4-11e7-93c8-255fe0d093ce] - page.onError - msg: undefined is not a function (evaluating 'id.date_added.startsWith($scope.yearToShow)')
http://localhost:8081/app/js/main.controller.js:83
[ERROR - 2017-11-01T09:08:48.921Z] Session [44d218d0-bee4-11e7-93c8-255fe0d093ce] - page.onError - stack:
  (anonymous function) (http://localhost:8081/lib/angular/angular.js:14516)
[INFO  - 2017-11-01T09:08:49.150Z] ShutdownReqHand - _handle - About to shutdown
[INFO  - 2017-11-01T09:08:49.266Z] GhostDriver - Main - running on port 10926
[INFO  - 2017-11-01T09:08:49.341Z] Session [45f16b80-bee4-11e7-a0f2-fdd152fd16ca] - page.settings - {"XSSAuditingEnabled":false,"javascriptCanCloseWindows":true,"javascriptCanOpenWindows":true,"javascriptEnabled":true,"loadImages":true,"localToRemoteUrlAccessEnabled":false,"userAgent":"Mozilla/5.0 (Unknown; Linux x86_64) AppleWebKit/538.1 (KHTML, like Gecko) PhantomJS/2.1.1 Safari/538.1","webSecurityEnabled":true}
[INFO  - 2017-11-01T09:08:49.341Z] Session [45f16b80-bee4-11e7-a0f2-fdd152fd16ca] - page.customHeaders:  - {}
[INFO  - 2017-11-01T09:08:49.341Z] Session [45f16b80-bee4-11e7-a0f2-fdd152fd16ca] - Session.negotiatedCapabilities - {"browserName":"phantomjs","version":"2.1.1","driverName":"ghostdriver","driverVersion":"1.2.0","platform":"linux-unknown-64bit","javascriptEnabled":true,"takesScreenshot":true,"handlesAlerts":false,"databaseEnabled":false,"locationContextEnabled":false,"applicationCacheEnabled":false,"browserConnectionEnabled":false,"cssSelectorsEnabled":true,"webStorageEnabled":false,"rotatable":false,"acceptSslCerts":false,"nativeEvents":true,"proxy":{"proxyType":"direct"}}
[INFO  - 2017-11-01T09:08:49.341Z] SessionManagerReqHand - _postNewSessionCommand - New Session Created: 45f16b80-bee4-11e7-a0f2-fdd152fd16ca
[INFO  - 2017-11-01T09:08:51.413Z] Session [45f16b80-bee4-11e7-a0f2-fdd152fd16ca] - page.settings - {"XSSAuditingEnabled":false,"javascriptCanCloseWindows":true,"javascriptCanOpenWindows":true,"javascriptEnabled":true,"loadImages":true,"localToRemoteUrlAccessEnabled":false,"userAgent":"Mozilla/5.0 (Unknown; Linux x86_64) AppleWebKit/538.1 (KHTML, like Gecko) PhantomJS/2.1.1 Safari/538.1","webSecurityEnabled":true}
[INFO  - 2017-11-01T09:08:51.414Z] Session [45f16b80-bee4-11e7-a0f2-fdd152fd16ca] - page.customHeaders:  - {}
[INFO  - 2017-11-01T09:08:52.181Z] ShutdownReqHand - _handle - About to shutdown
[INFO  - 2017-11-02T08:01:26.607Z] GhostDriver - Main - running on port 19193
[INFO  - 2017-11-02T08:01:27.437Z] Session [0731b790-bfa4-11e7-a935-cfa6b7ac2343] - page.settings - {"XSSAuditingEnabled":false,"javascriptCanCloseWindows":true,"javascriptCanOpenWindows":true,"javascriptEnabled":true,"loadImages":true,"localToRemoteUrlAccessEnabled":false,"userAgent":"Mozilla/5.0 (Unknown; Linux x86_64) AppleWebKit/538.1 (KHTML, like Gecko) PhantomJS/2.1.1 Safari/538.1","webSecurityEnabled":true}
[INFO  - 2017-11-02T08:01:27.437Z] Session [0731b790-bfa4-11e7-a935-cfa6b7ac2343] - page.customHeaders:  - {}
[INFO  - 2017-11-02T08:01:27.437Z] Session [0731b790-bfa4-11e7-a935-cfa6b7ac2343] - Session.negotiatedCapabilities - {"browserName":"phantomjs","version":"2.1.1","driverName":"ghostdriver","driverVersion":"1.2.0","platform":"linux-unknown-64bit","javascriptEnabled":true,"takesScreenshot":true,"handlesAlerts":false,"databaseEnabled":false,"locationContextEnabled":false,"applicationCacheEnabled":false,"browserConnectionEnabled":false,"cssSelectorsEnabled":true,"webStorageEnabled":false,"rotatable":false,"acceptSslCerts":false,"nativeEvents":true,"proxy":{"proxyType":"direct"}}
[INFO  - 2017-11-02T08:01:27.437Z] SessionManagerReqHand - _postNewSessionCommand - New Session Created: 0731b790-bfa4-11e7-a935-cfa6b7ac2343
[ERROR - 2017-11-02T08:01:31.794Z] Session [0731b790-bfa4-11e7-a935-cfa6b7ac2343] - page.onError - msg: undefined is not a function (evaluating 'id.date_added.startsWith($scope.yearToShow)')
http://localhost:8081/app/js/main.controller.js:83
[ERROR - 2017-11-02T08:01:31.794Z] Session [0731b790-bfa4-11e7-a935-cfa6b7ac2343] - page.onError - stack:
  (anonymous function) (http://localhost:8081/lib/angular/angular.js:14516)
[ERROR - 2017-11-02T08:01:31.799Z] Session [0731b790-bfa4-11e7-a935-cfa6b7ac2343] - page.onError - msg: undefined is not a function (evaluating 'id.date_added.startsWith($scope.yearToShow)')
http://localhost:8081/app/js/main.controller.js:83
[ERROR - 2017-11-02T08:01:31.800Z] Session [0731b790-bfa4-11e7-a935-cfa6b7ac2343] - page.onError - stack:
  (anonymous function) (http://localhost:8081/lib/angular/angular.js:14516)
[ERROR - 2017-11-02T08:01:31.805Z] Session [0731b790-bfa4-11e7-a935-cfa6b7ac2343] - page.onError - msg: undefined is not a function (evaluating 'id.date_added.startsWith($scope.yearToShow)')
http://localhost:8081/app/js/main.controller.js:83
[ERROR - 2017-11-02T08:01:31.806Z] Session [0731b790-bfa4-11e7-a935-cfa6b7ac2343] - page.onError - stack:
  (anonymous function) (http://localhost:8081/lib/angular/angular.js:14516)
[ERROR - 2017-11-02T08:01:31.818Z] Session [0731b790-bfa4-11e7-a935-cfa6b7ac2343] - page.onError - msg: undefined is not a function (evaluating 'id.date_added.startsWith($scope.yearToShow)')
http://localhost:8081/app/js/main.controller.js:83
[ERROR - 2017-11-02T08:01:31.819Z] Session [0731b790-bfa4-11e7-a935-cfa6b7ac2343] - page.onError - stack:
  (anonymous function) (http://localhost:8081/lib/angular/angular.js:14516)
[ERROR - 2017-11-02T08:01:32.093Z] Session [0731b790-bfa4-11e7-a935-cfa6b7ac2343] - page.onError - msg: undefined is not a function (evaluating 'id.date_added.startsWith($scope.yearToShow)')
http://localhost:8081/app/js/main.controller.js:83
[ERROR - 2017-11-02T08:01:32.093Z] Session [0731b790-bfa4-11e7-a935-cfa6b7ac2343] - page.onError - stack:
  (anonymous function) (http://localhost:8081/lib/angular/angular.js:14516)
[ERROR - 2017-11-02T08:01:32.099Z] Session [0731b790-bfa4-11e7-a935-cfa6b7ac2343] - page.onError - msg: undefined is not a function (evaluating 'id.date_added.startsWith($scope.yearToShow)')
http://localhost:8081/app/js/main.controller.js:83
[ERROR - 2017-11-02T08:01:32.100Z] Session [0731b790-bfa4-11e7-a935-cfa6b7ac2343] - page.onError - stack:
  (anonymous function) (http://localhost:8081/lib/angular/angular.js:14516)
[INFO  - 2017-11-02T08:01:32.950Z] ShutdownReqHand - _handle - About to shutdown
[INFO  - 2017-11-02T08:01:35.355Z] GhostDriver - Main - running on port 27488
[INFO  - 2017-11-02T08:01:35.627Z] Session [0c136970-bfa4-11e7-af1f-f74ed05af9cd] - page.settings - {"XSSAuditingEnabled":false,"javascriptCanCloseWindows":true,"javascriptCanOpenWindows":true,"javascriptEnabled":true,"loadImages":true,"localToRemoteUrlAccessEnabled":false,"userAgent":"Mozilla/5.0 (Unknown; Linux x86_64) AppleWebKit/538.1 (KHTML, like Gecko) PhantomJS/2.1.1 Safari/538.1","webSecurityEnabled":true}
[INFO  - 2017-11-02T08:01:35.627Z] Session [0c136970-bfa4-11e7-af1f-f74ed05af9cd] - page.customHeaders:  - {}
[INFO  - 2017-11-02T08:01:35.627Z] Session [0c136970-bfa4-11e7-af1f-f74ed05af9cd] - Session.negotiatedCapabilities - {"browserName":"phantomjs","version":"2.1.1","driverName":"ghostdriver","driverVersion":"1.2.0","platform":"linux-unknown-64bit","javascriptEnabled":true,"takesScreenshot":true,"handlesAlerts":false,"databaseEnabled":false,"locationContextEnabled":false,"applicationCacheEnabled":false,"browserConnectionEnabled":false,"cssSelectorsEnabled":true,"webStorageEnabled":false,"rotatable":false,"acceptSslCerts":false,"nativeEvents":true,"proxy":{"proxyType":"direct"}}
[INFO  - 2017-11-02T08:01:35.627Z] SessionManagerReqHand - _postNewSessionCommand - New Session Created: 0c136970-bfa4-11e7-af1f-f74ed05af9cd
[ERROR - 2017-11-02T08:01:37.035Z] Session [0c136970-bfa4-11e7-af1f-f74ed05af9cd] - page.onError - msg: undefined is not a function (evaluating 'id.date_added.startsWith($scope.yearToShow)')
http://localhost:8081/app/js/main.controller.js:83
[ERROR - 2017-11-02T08:01:37.035Z] Session [0c136970-bfa4-11e7-af1f-f74ed05af9cd] - page.onError - stack:
  (anonymous function) (http://localhost:8081/lib/angular/angular.js:14516)
[ERROR - 2017-11-02T08:01:37.042Z] Session [0c136970-bfa4-11e7-af1f-f74ed05af9cd] - page.onError - msg: undefined is not a function (evaluating 'id.date_added.startsWith($scope.yearToShow)')
http://localhost:8081/app/js/main.controller.js:83
[ERROR - 2017-11-02T08:01:37.042Z] Session [0c136970-bfa4-11e7-af1f-f74ed05af9cd] - page.onError - stack:
  (anonymous function) (http://localhost:8081/lib/angular/angular.js:14516)
[ERROR - 2017-11-02T08:01:37.048Z] Session [0c136970-bfa4-11e7-af1f-f74ed05af9cd] - page.onError - msg: undefined is not a function (evaluating 'id.date_added.startsWith($scope.yearToShow)')
http://localhost:8081/app/js/main.controller.js:83
[ERROR - 2017-11-02T08:01:37.048Z] Session [0c136970-bfa4-11e7-af1f-f74ed05af9cd] - page.onError - stack:
  (anonymous function) (http://localhost:8081/lib/angular/angular.js:14516)
[ERROR - 2017-11-02T08:01:37.052Z] Session [0c136970-bfa4-11e7-af1f-f74ed05af9cd] - page.onError - msg: undefined is not a function (evaluating 'id.date_added.startsWith($scope.yearToShow)')
http://localhost:8081/app/js/main.controller.js:83
[ERROR - 2017-11-02T08:01:37.052Z] Session [0c136970-bfa4-11e7-af1f-f74ed05af9cd] - page.onError - stack:
  (anonymous function) (http://localhost:8081/lib/angular/angular.js:14516)
[ERROR - 2017-11-02T08:01:37.268Z] Session [0c136970-bfa4-11e7-af1f-f74ed05af9cd] - page.onError - msg: undefined is not a function (evaluating 'id.date_added.startsWith($scope.yearToShow)')
http://localhost:8081/app/js/main.controller.js:83
[ERROR - 2017-11-02T08:01:37.268Z] Session [0c136970-bfa4-11e7-af1f-f74ed05af9cd] - page.onError - stack:
  (anonymous function) (http://localhost:8081/lib/angular/angular.js:14516)
[ERROR - 2017-11-02T08:01:37.274Z] Session [0c136970-bfa4-11e7-af1f-f74ed05af9cd] - page.onError - msg: undefined is not a function (evaluating 'id.date_added.startsWith($scope.yearToShow)')
http://localhost:8081/app/js/main.controller.js:83
[ERROR - 2017-11-02T08:01:37.274Z] Session [0c136970-bfa4-11e7-af1f-f74ed05af9cd] - page.onError - stack:
  (anonymous function) (http://localhost:8081/lib/angular/angular.js:14516)
[INFO  - 2017-11-02T08:01:38.008Z] ShutdownReqHand - _handle - About to shutdown
[INFO  - 2017-11-02T08:01:38.137Z] GhostDriver - Main - running on port 28896
[INFO  - 2017-11-02T08:01:38.208Z] Session [0d9d3dc0-bfa4-11e7-9c5e-b1651f7c987d] - page.settings - {"XSSAuditingEnabled":false,"javascriptCanCloseWindows":true,"javascriptCanOpenWindows":true,"javascriptEnabled":true,"loadImages":true,"localToRemoteUrlAccessEnabled":false,"userAgent":"Mozilla/5.0 (Unknown; Linux x86_64) AppleWebKit/538.1 (KHTML, like Gecko) PhantomJS/2.1.1 Safari/538.1","webSecurityEnabled":true}
[INFO  - 2017-11-02T08:01:38.208Z] Session [0d9d3dc0-bfa4-11e7-9c5e-b1651f7c987d] - page.customHeaders:  - {}
[INFO  - 2017-11-02T08:01:38.208Z] Session [0d9d3dc0-bfa4-11e7-9c5e-b1651f7c987d] - Session.negotiatedCapabilities - {"browserName":"phantomjs","version":"2.1.1","driverName":"ghostdriver","driverVersion":"1.2.0","platform":"linux-unknown-64bit","javascriptEnabled":true,"takesScreenshot":true,"handlesAlerts":false,"databaseEnabled":false,"locationContextEnabled":false,"applicationCacheEnabled":false,"browserConnectionEnabled":false,"cssSelectorsEnabled":true,"webStorageEnabled":false,"rotatable":false,"acceptSslCerts":false,"nativeEvents":true,"proxy":{"proxyType":"direct"}}
[INFO  - 2017-11-02T08:01:38.208Z] SessionManagerReqHand - _postNewSessionCommand - New Session Created: 0d9d3dc0-bfa4-11e7-9c5e-b1651f7c987d
[ERROR - 2017-11-02T08:01:39.307Z] Session [0d9d3dc0-bfa4-11e7-9c5e-b1651f7c987d] - page.onError - msg: undefined is not a function (evaluating 'id.date_added.startsWith($scope.yearToShow)')
http://localhost:8081/app/js/main.controller.js:83
[ERROR - 2017-11-02T08:01:39.308Z] Session [0d9d3dc0-bfa4-11e7-9c5e-b1651f7c987d] - page.onError - stack:
  (anonymous function) (http://localhost:8081/lib/angular/angular.js:14516)
[ERROR - 2017-11-02T08:01:39.312Z] Session [0d9d3dc0-bfa4-11e7-9c5e-b1651f7c987d] - page.onError - msg: undefined is not a function (evaluating 'id.date_added.startsWith($scope.yearToShow)')
http://localhost:8081/app/js/main.controller.js:83
[ERROR - 2017-11-02T08:01:39.312Z] Session [0d9d3dc0-bfa4-11e7-9c5e-b1651f7c987d] - page.onError - stack:
  (anonymous function) (http://localhost:8081/lib/angular/angular.js:14516)
[ERROR - 2017-11-02T08:01:39.318Z] Session [0d9d3dc0-bfa4-11e7-9c5e-b1651f7c987d] - page.onError - msg: undefined is not a function (evaluating 'id.date_added.startsWith($scope.yearToShow)')
http://localhost:8081/app/js/main.controller.js:83
[ERROR - 2017-11-02T08:01:39.319Z] Session [0d9d3dc0-bfa4-11e7-9c5e-b1651f7c987d] - page.onError - stack:
  (anonymous function) (http://localhost:8081/lib/angular/angular.js:14516)
[ERROR - 2017-11-02T08:01:39.322Z] Session [0d9d3dc0-bfa4-11e7-9c5e-b1651f7c987d] - page.onError - msg: undefined is not a function (evaluating 'id.date_added.startsWith($scope.yearToShow)')
http://localhost:8081/app/js/main.controller.js:83
[ERROR - 2017-11-02T08:01:39.322Z] Session [0d9d3dc0-bfa4-11e7-9c5e-b1651f7c987d] - page.onError - stack:
  (anonymous function) (http://localhost:8081/lib/angular/angular.js:14516)
[ERROR - 2017-11-02T08:01:39.558Z] Session [0d9d3dc0-bfa4-11e7-9c5e-b1651f7c987d] - page.onError - msg: undefined is not a function (evaluating 'id.date_added.startsWith($scope.yearToShow)')
http://localhost:8081/app/js/main.controller.js:83
[ERROR - 2017-11-02T08:01:39.558Z] Session [0d9d3dc0-bfa4-11e7-9c5e-b1651f7c987d] - page.onError - stack:
  (anonymous function) (http://localhost:8081/lib/angular/angular.js:14516)
[ERROR - 2017-11-02T08:01:39.563Z] Session [0d9d3dc0-bfa4-11e7-9c5e-b1651f7c987d] - page.onError - msg: undefined is not a function (evaluating 'id.date_added.startsWith($scope.yearToShow)')
http://localhost:8081/app/js/main.controller.js:83
[ERROR - 2017-11-02T08:01:39.563Z] Session [0d9d3dc0-bfa4-11e7-9c5e-b1651f7c987d] - page.onError - stack:
  (anonymous function) (http://localhost:8081/lib/angular/angular.js:14516)
[INFO  - 2017-11-02T08:01:40.336Z] ShutdownReqHand - _handle - About to shutdown
[INFO  - 2017-11-02T08:01:40.473Z] GhostDriver - Main - running on port 21515
[INFO  - 2017-11-02T08:01:40.545Z] Session [0f0161a0-bfa4-11e7-89b9-3dca05193705] - page.settings - {"XSSAuditingEnabled":false,"javascriptCanCloseWindows":true,"javascriptCanOpenWindows":true,"javascriptEnabled":true,"loadImages":true,"localToRemoteUrlAccessEnabled":false,"userAgent":"Mozilla/5.0 (Unknown; Linux x86_64) AppleWebKit/538.1 (KHTML, like Gecko) PhantomJS/2.1.1 Safari/538.1","webSecurityEnabled":true}
[INFO  - 2017-11-02T08:01:40.545Z] Session [0f0161a0-bfa4-11e7-89b9-3dca05193705] - page.customHeaders:  - {}
[INFO  - 2017-11-02T08:01:40.545Z] Session [0f0161a0-bfa4-11e7-89b9-3dca05193705] - Session.negotiatedCapabilities - {"browserName":"phantomjs","version":"2.1.1","driverName":"ghostdriver","driverVersion":"1.2.0","platform":"linux-unknown-64bit","javascriptEnabled":true,"takesScreenshot":true,"handlesAlerts":false,"databaseEnabled":false,"locationContextEnabled":false,"applicationCacheEnabled":false,"browserConnectionEnabled":false,"cssSelectorsEnabled":true,"webStorageEnabled":false,"rotatable":false,"acceptSslCerts":false,"nativeEvents":true,"proxy":{"proxyType":"direct"}}
[INFO  - 2017-11-02T08:01:40.545Z] SessionManagerReqHand - _postNewSessionCommand - New Session Created: 0f0161a0-bfa4-11e7-89b9-3dca05193705
[ERROR - 2017-11-02T08:01:41.651Z] Session [0f0161a0-bfa4-11e7-89b9-3dca05193705] - page.onError - msg: undefined is not a function (evaluating 'id.date_added.startsWith($scope.yearToShow)')
http://localhost:8081/app/js/main.controller.js:83
[ERROR - 2017-11-02T08:01:41.651Z] Session [0f0161a0-bfa4-11e7-89b9-3dca05193705] - page.onError - stack:
  (anonymous function) (http://localhost:8081/lib/angular/angular.js:14516)
[ERROR - 2017-11-02T08:01:41.658Z] Session [0f0161a0-bfa4-11e7-89b9-3dca05193705] - page.onError - msg: undefined is not a function (evaluating 'id.date_added.startsWith($scope.yearToShow)')
http://localhost:8081/app/js/main.controller.js:83
[ERROR - 2017-11-02T08:01:41.658Z] Session [0f0161a0-bfa4-11e7-89b9-3dca05193705] - page.onError - stack:
  (anonymous function) (http://localhost:8081/lib/angular/angular.js:14516)
[ERROR - 2017-11-02T08:01:41.666Z] Session [0f0161a0-bfa4-11e7-89b9-3dca05193705] - page.onError - msg: undefined is not a function (evaluating 'id.date_added.startsWith($scope.yearToShow)')
http://localhost:8081/app/js/main.controller.js:83
[ERROR - 2017-11-02T08:01:41.666Z] Session [0f0161a0-bfa4-11e7-89b9-3dca05193705] - page.onError - stack:
  (anonymous function) (http://localhost:8081/lib/angular/angular.js:14516)
[ERROR - 2017-11-02T08:01:41.670Z] Session [0f0161a0-bfa4-11e7-89b9-3dca05193705] - page.onError - msg: undefined is not a function (evaluating 'id.date_added.startsWith($scope.yearToShow)')
http://localhost:8081/app/js/main.controller.js:83
[ERROR - 2017-11-02T08:01:41.670Z] Session [0f0161a0-bfa4-11e7-89b9-3dca05193705] - page.onError - stack:
  (anonymous function) (http://localhost:8081/lib/angular/angular.js:14516)
[ERROR - 2017-11-02T08:01:41.895Z] Session [0f0161a0-bfa4-11e7-89b9-3dca05193705] - page.onError - msg: undefined is not a function (evaluating 'id.date_added.startsWith($scope.yearToShow)')
http://localhost:8081/app/js/main.controller.js:83
[ERROR - 2017-11-02T08:01:41.895Z] Session [0f0161a0-bfa4-11e7-89b9-3dca05193705] - page.onError - stack:
  (anonymous function) (http://localhost:8081/lib/angular/angular.js:14516)
[ERROR - 2017-11-02T08:01:41.901Z] Session [0f0161a0-bfa4-11e7-89b9-3dca05193705] - page.onError - msg: undefined is not a function (evaluating 'id.date_added.startsWith($scope.yearToShow)')
http://localhost:8081/app/js/main.controller.js:83
[ERROR - 2017-11-02T08:01:41.901Z] Session [0f0161a0-bfa4-11e7-89b9-3dca05193705] - page.onError - stack:
  (anonymous function) (http://localhost:8081/lib/angular/angular.js:14516)
[INFO  - 2017-11-02T08:01:42.972Z] ShutdownReqHand - _handle - About to shutdown
[INFO  - 2017-11-02T08:01:43.149Z] GhostDriver - Main - running on port 24729
[INFO  - 2017-11-02T08:01:43.165Z] Session [10917780-bfa4-11e7-87b2-ef37b478f54d] - page.settings - {"XSSAuditingEnabled":false,"javascriptCanCloseWindows":true,"javascriptCanOpenWindows":true,"javascriptEnabled":true,"loadImages":true,"localToRemoteUrlAccessEnabled":false,"userAgent":"Mozilla/5.0 (Unknown; Linux x86_64) AppleWebKit/538.1 (KHTML, like Gecko) PhantomJS/2.1.1 Safari/538.1","webSecurityEnabled":true}
[INFO  - 2017-11-02T08:01:43.165Z] Session [10917780-bfa4-11e7-87b2-ef37b478f54d] - page.customHeaders:  - {}
[INFO  - 2017-11-02T08:01:43.165Z] Session [10917780-bfa4-11e7-87b2-ef37b478f54d] - Session.negotiatedCapabilities - {"browserName":"phantomjs","version":"2.1.1","driverName":"ghostdriver","driverVersion":"1.2.0","platform":"linux-unknown-64bit","javascriptEnabled":true,"takesScreenshot":true,"handlesAlerts":false,"databaseEnabled":false,"locationContextEnabled":false,"applicationCacheEnabled":false,"browserConnectionEnabled":false,"cssSelectorsEnabled":true,"webStorageEnabled":false,"rotatable":false,"acceptSslCerts":false,"nativeEvents":true,"proxy":{"proxyType":"direct"}}
[INFO  - 2017-11-02T08:01:43.166Z] SessionManagerReqHand - _postNewSessionCommand - New Session Created: 10917780-bfa4-11e7-87b2-ef37b478f54d
[ERROR - 2017-11-02T08:01:44.335Z] Session [10917780-bfa4-11e7-87b2-ef37b478f54d] - page.onError - msg: undefined is not a function (evaluating 'id.date_added.startsWith($scope.yearToShow)')
http://localhost:8081/app/js/main.controller.js:83
[ERROR - 2017-11-02T08:01:44.335Z] Session [10917780-bfa4-11e7-87b2-ef37b478f54d] - page.onError - stack:
  (anonymous function) (http://localhost:8081/lib/angular/angular.js:14516)
[ERROR - 2017-11-02T08:01:44.341Z] Session [10917780-bfa4-11e7-87b2-ef37b478f54d] - page.onError - msg: undefined is not a function (evaluating 'id.date_added.startsWith($scope.yearToShow)')
http://localhost:8081/app/js/main.controller.js:83
[ERROR - 2017-11-02T08:01:44.341Z] Session [10917780-bfa4-11e7-87b2-ef37b478f54d] - page.onError - stack:
  (anonymous function) (http://localhost:8081/lib/angular/angular.js:14516)
[ERROR - 2017-11-02T08:01:44.346Z] Session [10917780-bfa4-11e7-87b2-ef37b478f54d] - page.onError - msg: undefined is not a function (evaluating 'id.date_added.startsWith($scope.yearToShow)')
http://localhost:8081/app/js/main.controller.js:83
[ERROR - 2017-11-02T08:01:44.347Z] Session [10917780-bfa4-11e7-87b2-ef37b478f54d] - page.onError - stack:
  (anonymous function) (http://localhost:8081/lib/angular/angular.js:14516)
[ERROR - 2017-11-02T08:01:44.350Z] Session [10917780-bfa4-11e7-87b2-ef37b478f54d] - page.onError - msg: undefined is not a function (evaluating 'id.date_added.startsWith($scope.yearToShow)')
http://localhost:8081/app/js/main.controller.js:83
[ERROR - 2017-11-02T08:01:44.350Z] Session [10917780-bfa4-11e7-87b2-ef37b478f54d] - page.onError - stack:
  (anonymous function) (http://localhost:8081/lib/angular/angular.js:14516)
[ERROR - 2017-11-02T08:01:44.570Z] Session [10917780-bfa4-11e7-87b2-ef37b478f54d] - page.onError - msg: undefined is not a function (evaluating 'id.date_added.startsWith($scope.yearToShow)')
http://localhost:8081/app/js/main.controller.js:83
[ERROR - 2017-11-02T08:01:44.570Z] Session [10917780-bfa4-11e7-87b2-ef37b478f54d] - page.onError - stack:
  (anonymous function) (http://localhost:8081/lib/angular/angular.js:14516)
[ERROR - 2017-11-02T08:01:44.575Z] Session [10917780-bfa4-11e7-87b2-ef37b478f54d] - page.onError - msg: undefined is not a function (evaluating 'id.date_added.startsWith($scope.yearToShow)')
http://localhost:8081/app/js/main.controller.js:83
[ERROR - 2017-11-02T08:01:44.576Z] Session [10917780-bfa4-11e7-87b2-ef37b478f54d] - page.onError - stack:
  (anonymous function) (http://localhost:8081/lib/angular/angular.js:14516)
[ERROR - 2017-11-02T08:01:44.793Z] Session [10917780-bfa4-11e7-87b2-ef37b478f54d] - page.onError - msg: undefined is not a function (evaluating 'id.date_added.startsWith($scope.yearToShow)')
http://localhost:8081/app/js/main.controller.js:83
[ERROR - 2017-11-02T08:01:44.793Z] Session [10917780-bfa4-11e7-87b2-ef37b478f54d] - page.onError - stack:
  (anonymous function) (http://localhost:8081/lib/angular/angular.js:14516)
[INFO  - 2017-11-02T08:01:45.343Z] ShutdownReqHand - _handle - About to shutdown
[INFO  - 2017-11-02T08:01:45.487Z] GhostDriver - Main - running on port 30235
[INFO  - 2017-11-02T08:01:45.549Z] Session [11fd3c80-bfa4-11e7-8358-f133e26dfee2] - page.settings - {"XSSAuditingEnabled":false,"javascriptCanCloseWindows":true,"javascriptCanOpenWindows":true,"javascriptEnabled":true,"loadImages":true,"localToRemoteUrlAccessEnabled":false,"userAgent":"Mozilla/5.0 (Unknown; Linux x86_64) AppleWebKit/538.1 (KHTML, like Gecko) PhantomJS/2.1.1 Safari/538.1","webSecurityEnabled":true}
[INFO  - 2017-11-02T08:01:45.549Z] Session [11fd3c80-bfa4-11e7-8358-f133e26dfee2] - page.customHeaders:  - {}
[INFO  - 2017-11-02T08:01:45.549Z] Session [11fd3c80-bfa4-11e7-8358-f133e26dfee2] - Session.negotiatedCapabilities - {"browserName":"phantomjs","version":"2.1.1","driverName":"ghostdriver","driverVersion":"1.2.0","platform":"linux-unknown-64bit","javascriptEnabled":true,"takesScreenshot":true,"handlesAlerts":false,"databaseEnabled":false,"locationContextEnabled":false,"applicationCacheEnabled":false,"browserConnectionEnabled":false,"cssSelectorsEnabled":true,"webStorageEnabled":false,"rotatable":false,"acceptSslCerts":false,"nativeEvents":true,"proxy":{"proxyType":"direct"}}
[INFO  - 2017-11-02T08:01:45.550Z] SessionManagerReqHand - _postNewSessionCommand - New Session Created: 11fd3c80-bfa4-11e7-8358-f133e26dfee2
[ERROR - 2017-11-02T08:01:46.607Z] Session [11fd3c80-bfa4-11e7-8358-f133e26dfee2] - page.onError - msg: undefined is not a function (evaluating 'id.date_added.startsWith($scope.yearToShow)')
http://localhost:8081/app/js/main.controller.js:83
[ERROR - 2017-11-02T08:01:46.607Z] Session [11fd3c80-bfa4-11e7-8358-f133e26dfee2] - page.onError - stack:
  (anonymous function) (http://localhost:8081/lib/angular/angular.js:14516)
[ERROR - 2017-11-02T08:01:46.615Z] Session [11fd3c80-bfa4-11e7-8358-f133e26dfee2] - page.onError - msg: undefined is not a function (evaluating 'id.date_added.startsWith($scope.yearToShow)')
http://localhost:8081/app/js/main.controller.js:83
[ERROR - 2017-11-02T08:01:46.615Z] Session [11fd3c80-bfa4-11e7-8358-f133e26dfee2] - page.onError - stack:
  (anonymous function) (http://localhost:8081/lib/angular/angular.js:14516)
[ERROR - 2017-11-02T08:01:46.621Z] Session [11fd3c80-bfa4-11e7-8358-f133e26dfee2] - page.onError - msg: undefined is not a function (evaluating 'id.date_added.startsWith($scope.yearToShow)')
http://localhost:8081/app/js/main.controller.js:83
[ERROR - 2017-11-02T08:01:46.621Z] Session [11fd3c80-bfa4-11e7-8358-f133e26dfee2] - page.onError - stack:
  (anonymous function) (http://localhost:8081/lib/angular/angular.js:14516)
[ERROR - 2017-11-02T08:01:46.627Z] Session [11fd3c80-bfa4-11e7-8358-f133e26dfee2] - page.onError - msg: undefined is not a function (evaluating 'id.date_added.startsWith($scope.yearToShow)')
http://localhost:8081/app/js/main.controller.js:83
[ERROR - 2017-11-02T08:01:46.627Z] Session [11fd3c80-bfa4-11e7-8358-f133e26dfee2] - page.onError - stack:
  (anonymous function) (http://localhost:8081/lib/angular/angular.js:14516)
[ERROR - 2017-11-02T08:01:46.864Z] Session [11fd3c80-bfa4-11e7-8358-f133e26dfee2] - page.onError - msg: undefined is not a function (evaluating 'id.date_added.startsWith($scope.yearToShow)')
http://localhost:8081/app/js/main.controller.js:83
[ERROR - 2017-11-02T08:01:46.864Z] Session [11fd3c80-bfa4-11e7-8358-f133e26dfee2] - page.onError - stack:
  (anonymous function) (http://localhost:8081/lib/angular/angular.js:14516)
[ERROR - 2017-11-02T08:01:46.870Z] Session [11fd3c80-bfa4-11e7-8358-f133e26dfee2] - page.onError - msg: undefined is not a function (evaluating 'id.date_added.startsWith($scope.yearToShow)')
http://localhost:8081/app/js/main.controller.js:83
[ERROR - 2017-11-02T08:01:46.870Z] Session [11fd3c80-bfa4-11e7-8358-f133e26dfee2] - page.onError - stack:
  (anonymous function) (http://localhost:8081/lib/angular/angular.js:14516)
[INFO  - 2017-11-02T08:01:47.690Z] ShutdownReqHand - _handle - About to shutdown
[INFO  - 2017-11-02T08:01:47.924Z] GhostDriver - Main - running on port 1737
[INFO  - 2017-11-02T08:01:47.994Z] Session [13722940-bfa4-11e7-8664-b73afe9f42d3] - page.settings - {"XSSAuditingEnabled":false,"javascriptCanCloseWindows":true,"javascriptCanOpenWindows":true,"javascriptEnabled":true,"loadImages":true,"localToRemoteUrlAccessEnabled":false,"userAgent":"Mozilla/5.0 (Unknown; Linux x86_64) AppleWebKit/538.1 (KHTML, like Gecko) PhantomJS/2.1.1 Safari/538.1","webSecurityEnabled":true}
[INFO  - 2017-11-02T08:01:47.994Z] Session [13722940-bfa4-11e7-8664-b73afe9f42d3] - page.customHeaders:  - {}
[INFO  - 2017-11-02T08:01:47.995Z] Session [13722940-bfa4-11e7-8664-b73afe9f42d3] - Session.negotiatedCapabilities - {"browserName":"phantomjs","version":"2.1.1","driverName":"ghostdriver","driverVersion":"1.2.0","platform":"linux-unknown-64bit","javascriptEnabled":true,"takesScreenshot":true,"handlesAlerts":false,"databaseEnabled":false,"locationContextEnabled":false,"applicationCacheEnabled":false,"browserConnectionEnabled":false,"cssSelectorsEnabled":true,"webStorageEnabled":false,"rotatable":false,"acceptSslCerts":false,"nativeEvents":true,"proxy":{"proxyType":"direct"}}
[INFO  - 2017-11-02T08:01:47.995Z] SessionManagerReqHand - _postNewSessionCommand - New Session Created: 13722940-bfa4-11e7-8664-b73afe9f42d3
[ERROR - 2017-11-02T08:01:49.071Z] Session [13722940-bfa4-11e7-8664-b73afe9f42d3] - page.onError - msg: undefined is not a function (evaluating 'id.date_added.startsWith($scope.yearToShow)')
http://localhost:8081/app/js/main.controller.js:83
[ERROR - 2017-11-02T08:01:49.072Z] Session [13722940-bfa4-11e7-8664-b73afe9f42d3] - page.onError - stack:
  (anonymous function) (http://localhost:8081/lib/angular/angular.js:14516)
[ERROR - 2017-11-02T08:01:49.077Z] Session [13722940-bfa4-11e7-8664-b73afe9f42d3] - page.onError - msg: undefined is not a function (evaluating 'id.date_added.startsWith($scope.yearToShow)')
http://localhost:8081/app/js/main.controller.js:83
[ERROR - 2017-11-02T08:01:49.077Z] Session [13722940-bfa4-11e7-8664-b73afe9f42d3] - page.onError - stack:
  (anonymous function) (http://localhost:8081/lib/angular/angular.js:14516)
[ERROR - 2017-11-02T08:01:49.083Z] Session [13722940-bfa4-11e7-8664-b73afe9f42d3] - page.onError - msg: undefined is not a function (evaluating 'id.date_added.startsWith($scope.yearToShow)')
http://localhost:8081/app/js/main.controller.js:83
[ERROR - 2017-11-02T08:01:49.083Z] Session [13722940-bfa4-11e7-8664-b73afe9f42d3] - page.onError - stack:
  (anonymous function) (http://localhost:8081/lib/angular/angular.js:14516)
[ERROR - 2017-11-02T08:01:49.086Z] Session [13722940-bfa4-11e7-8664-b73afe9f42d3] - page.onError - msg: undefined is not a function (evaluating 'id.date_added.startsWith($scope.yearToShow)')
http://localhost:8081/app/js/main.controller.js:83
[ERROR - 2017-11-02T08:01:49.086Z] Session [13722940-bfa4-11e7-8664-b73afe9f42d3] - page.onError - stack:
  (anonymous function) (http://localhost:8081/lib/angular/angular.js:14516)
[INFO  - 2017-11-02T08:01:49.228Z] ShutdownReqHand - _handle - About to shutdown
[INFO  - 2017-11-02T08:01:49.348Z] GhostDriver - Main - running on port 25760
[INFO  - 2017-11-02T08:01:49.424Z] Session [144c5ca0-bfa4-11e7-aa8c-f58ef8339e8b] - page.settings - {"XSSAuditingEnabled":false,"javascriptCanCloseWindows":true,"javascriptCanOpenWindows":true,"javascriptEnabled":true,"loadImages":true,"localToRemoteUrlAccessEnabled":false,"userAgent":"Mozilla/5.0 (Unknown; Linux x86_64) AppleWebKit/538.1 (KHTML, like Gecko) PhantomJS/2.1.1 Safari/538.1","webSecurityEnabled":true}
[INFO  - 2017-11-02T08:01:49.424Z] Session [144c5ca0-bfa4-11e7-aa8c-f58ef8339e8b] - page.customHeaders:  - {}
[INFO  - 2017-11-02T08:01:49.424Z] Session [144c5ca0-bfa4-11e7-aa8c-f58ef8339e8b] - Session.negotiatedCapabilities - {"browserName":"phantomjs","version":"2.1.1","driverName":"ghostdriver","driverVersion":"1.2.0","platform":"linux-unknown-64bit","javascriptEnabled":true,"takesScreenshot":true,"handlesAlerts":false,"databaseEnabled":false,"locationContextEnabled":false,"applicationCacheEnabled":false,"browserConnectionEnabled":false,"cssSelectorsEnabled":true,"webStorageEnabled":false,"rotatable":false,"acceptSslCerts":false,"nativeEvents":true,"proxy":{"proxyType":"direct"}}
[INFO  - 2017-11-02T08:01:49.424Z] SessionManagerReqHand - _postNewSessionCommand - New Session Created: 144c5ca0-bfa4-11e7-aa8c-f58ef8339e8b
[ERROR - 2017-11-02T08:01:50.446Z] Session [144c5ca0-bfa4-11e7-aa8c-f58ef8339e8b] - page.onError - msg: undefined is not a function (evaluating 'id.date_added.startsWith($scope.yearToShow)')
http://localhost:8081/app/js/main.controller.js:83
[ERROR - 2017-11-02T08:01:50.446Z] Session [144c5ca0-bfa4-11e7-aa8c-f58ef8339e8b] - page.onError - stack:
  (anonymous function) (http://localhost:8081/lib/angular/angular.js:14516)
[ERROR - 2017-11-02T08:01:50.451Z] Session [144c5ca0-bfa4-11e7-aa8c-f58ef8339e8b] - page.onError - msg: undefined is not a function (evaluating 'id.date_added.startsWith($scope.yearToShow)')
http://localhost:8081/app/js/main.controller.js:83
[ERROR - 2017-11-02T08:01:50.451Z] Session [144c5ca0-bfa4-11e7-aa8c-f58ef8339e8b] - page.onError - stack:
  (anonymous function) (http://localhost:8081/lib/angular/angular.js:14516)
[ERROR - 2017-11-02T08:01:50.458Z] Session [144c5ca0-bfa4-11e7-aa8c-f58ef8339e8b] - page.onError - msg: undefined is not a function (evaluating 'id.date_added.startsWith($scope.yearToShow)')
http://localhost:8081/app/js/main.controller.js:83
[ERROR - 2017-11-02T08:01:50.458Z] Session [144c5ca0-bfa4-11e7-aa8c-f58ef8339e8b] - page.onError - stack:
  (anonymous function) (http://localhost:8081/lib/angular/angular.js:14516)
[ERROR - 2017-11-02T08:01:50.463Z] Session [144c5ca0-bfa4-11e7-aa8c-f58ef8339e8b] - page.onError - msg: undefined is not a function (evaluating 'id.date_added.startsWith($scope.yearToShow)')
http://localhost:8081/app/js/main.controller.js:83
[ERROR - 2017-11-02T08:01:50.463Z] Session [144c5ca0-bfa4-11e7-aa8c-f58ef8339e8b] - page.onError - stack:
  (anonymous function) (http://localhost:8081/lib/angular/angular.js:14516)
[ERROR - 2017-11-02T08:01:50.468Z] Session [144c5ca0-bfa4-11e7-aa8c-f58ef8339e8b] - page.onError - msg: undefined is not a function (evaluating 'id.date_added.startsWith($scope.yearToShow)')
http://localhost:8081/app/js/main.controller.js:83
[ERROR - 2017-11-02T08:01:50.468Z] Session [144c5ca0-bfa4-11e7-aa8c-f58ef8339e8b] - page.onError - stack:
  (anonymous function) (http://localhost:8081/lib/angular/angular.js:14516)
[ERROR - 2017-11-02T08:01:50.471Z] Session [144c5ca0-bfa4-11e7-aa8c-f58ef8339e8b] - page.onError - msg: undefined is not a function (evaluating 'id.date_added.startsWith($scope.yearToShow)')
http://localhost:8081/app/js/main.controller.js:83
[ERROR - 2017-11-02T08:01:50.471Z] Session [144c5ca0-bfa4-11e7-aa8c-f58ef8339e8b] - page.onError - stack:
  (anonymous function) (http://localhost:8081/lib/angular/angular.js:14516)
[ERROR - 2017-11-02T08:01:50.694Z] Session [144c5ca0-bfa4-11e7-aa8c-f58ef8339e8b] - page.onError - msg: undefined is not a function (evaluating 'id.date_added.startsWith($scope.yearToShow)')
http://localhost:8081/app/js/main.controller.js:83
[ERROR - 2017-11-02T08:01:50.694Z] Session [144c5ca0-bfa4-11e7-aa8c-f58ef8339e8b] - page.onError - stack:
  (anonymous function) (http://localhost:8081/lib/angular/angular.js:14516)
[ERROR - 2017-11-02T08:01:50.729Z] Session [144c5ca0-bfa4-11e7-aa8c-f58ef8339e8b] - page.onError - msg: undefined is not a function (evaluating 'id.date_added.startsWith($scope.yearToShow)')
http://localhost:8081/app/js/main.controller.js:83
[ERROR - 2017-11-02T08:01:50.729Z] Session [144c5ca0-bfa4-11e7-aa8c-f58ef8339e8b] - page.onError - stack:
  (anonymous function) (http://localhost:8081/lib/angular/angular.js:14516)
[ERROR - 2017-11-02T08:01:50.736Z] Session [144c5ca0-bfa4-11e7-aa8c-f58ef8339e8b] - page.onError - msg: undefined is not a function (evaluating 'id.date_added.startsWith($scope.yearToShow)')
http://localhost:8081/app/js/main.controller.js:83
[ERROR - 2017-11-02T08:01:50.737Z] Session [144c5ca0-bfa4-11e7-aa8c-f58ef8339e8b] - page.onError - stack:
  (anonymous function) (http://localhost:8081/lib/angular/angular.js:14516)
[ERROR - 2017-11-02T08:01:51.158Z] Session [144c5ca0-bfa4-11e7-aa8c-f58ef8339e8b] - page.onError - msg: undefined is not a function (evaluating 'id.date_added.startsWith($scope.yearToShow)')
http://localhost:8081/app/js/main.controller.js:83
[ERROR - 2017-11-02T08:01:51.158Z] Session [144c5ca0-bfa4-11e7-aa8c-f58ef8339e8b] - page.onError - stack:
  (anonymous function) (http://localhost:8081/lib/angular/angular.js:14516)
[ERROR - 2017-11-02T08:01:51.164Z] Session [144c5ca0-bfa4-11e7-aa8c-f58ef8339e8b] - page.onError - msg: undefined is not a function (evaluating 'id.date_added.startsWith($scope.yearToShow)')
http://localhost:8081/app/js/main.controller.js:83
[ERROR - 2017-11-02T08:01:51.165Z] Session [144c5ca0-bfa4-11e7-aa8c-f58ef8339e8b] - page.onError - stack:
  (anonymous function) (http://localhost:8081/lib/angular/angular.js:14516)
[INFO  - 2017-11-02T08:01:51.441Z] ShutdownReqHand - _handle - About to shutdown
[INFO  - 2017-11-02T08:01:51.560Z] GhostDriver - Main - running on port 4037
[INFO  - 2017-11-02T08:01:51.638Z] Session [159e5810-bfa4-11e7-9897-ffbb90f91e7a] - page.settings - {"XSSAuditingEnabled":false,"javascriptCanCloseWindows":true,"javascriptCanOpenWindows":true,"javascriptEnabled":true,"loadImages":true,"localToRemoteUrlAccessEnabled":false,"userAgent":"Mozilla/5.0 (Unknown; Linux x86_64) AppleWebKit/538.1 (KHTML, like Gecko) PhantomJS/2.1.1 Safari/538.1","webSecurityEnabled":true}
[INFO  - 2017-11-02T08:01:51.638Z] Session [159e5810-bfa4-11e7-9897-ffbb90f91e7a] - page.customHeaders:  - {}
[INFO  - 2017-11-02T08:01:51.638Z] Session [159e5810-bfa4-11e7-9897-ffbb90f91e7a] - Session.negotiatedCapabilities - {"browserName":"phantomjs","version":"2.1.1","driverName":"ghostdriver","driverVersion":"1.2.0","platform":"linux-unknown-64bit","javascriptEnabled":true,"takesScreenshot":true,"handlesAlerts":false,"databaseEnabled":false,"locationContextEnabled":false,"applicationCacheEnabled":false,"browserConnectionEnabled":false,"cssSelectorsEnabled":true,"webStorageEnabled":false,"rotatable":false,"acceptSslCerts":false,"nativeEvents":true,"proxy":{"proxyType":"direct"}}
[INFO  - 2017-11-02T08:01:51.638Z] SessionManagerReqHand - _postNewSessionCommand - New Session Created: 159e5810-bfa4-11e7-9897-ffbb90f91e7a
[ERROR - 2017-11-02T08:01:52.710Z] Session [159e5810-bfa4-11e7-9897-ffbb90f91e7a] - page.onError - msg: undefined is not a function (evaluating 'id.date_added.startsWith($scope.yearToShow)')
http://localhost:8081/app/js/main.controller.js:83
[ERROR - 2017-11-02T08:01:52.710Z] Session [159e5810-bfa4-11e7-9897-ffbb90f91e7a] - page.onError - stack:
  (anonymous function) (http://localhost:8081/lib/angular/angular.js:14516)
[ERROR - 2017-11-02T08:01:52.715Z] Session [159e5810-bfa4-11e7-9897-ffbb90f91e7a] - page.onError - msg: undefined is not a function (evaluating 'id.date_added.startsWith($scope.yearToShow)')
http://localhost:8081/app/js/main.controller.js:83
[ERROR - 2017-11-02T08:01:52.715Z] Session [159e5810-bfa4-11e7-9897-ffbb90f91e7a] - page.onError - stack:
  (anonymous function) (http://localhost:8081/lib/angular/angular.js:14516)
[ERROR - 2017-11-02T08:01:52.720Z] Session [159e5810-bfa4-11e7-9897-ffbb90f91e7a] - page.onError - msg: undefined is not a function (evaluating 'id.date_added.startsWith($scope.yearToShow)')
http://localhost:8081/app/js/main.controller.js:83
[ERROR - 2017-11-02T08:01:52.720Z] Session [159e5810-bfa4-11e7-9897-ffbb90f91e7a] - page.onError - stack:
  (anonymous function) (http://localhost:8081/lib/angular/angular.js:14516)
[ERROR - 2017-11-02T08:01:52.725Z] Session [159e5810-bfa4-11e7-9897-ffbb90f91e7a] - page.onError - msg: undefined is not a function (evaluating 'id.date_added.startsWith($scope.yearToShow)')
http://localhost:8081/app/js/main.controller.js:83
[ERROR - 2017-11-02T08:01:52.725Z] Session [159e5810-bfa4-11e7-9897-ffbb90f91e7a] - page.onError - stack:
  (anonymous function) (http://localhost:8081/lib/angular/angular.js:14516)
[ERROR - 2017-11-02T08:01:52.980Z] Session [159e5810-bfa4-11e7-9897-ffbb90f91e7a] - page.onError - msg: undefined is not a function (evaluating 'id.date_added.startsWith($scope.yearToShow)')
http://localhost:8081/app/js/main.controller.js:83
[ERROR - 2017-11-02T08:01:52.980Z] Session [159e5810-bfa4-11e7-9897-ffbb90f91e7a] - page.onError - stack:
  (anonymous function) (http://localhost:8081/lib/angular/angular.js:14516)
[ERROR - 2017-11-02T08:01:52.996Z] Session [159e5810-bfa4-11e7-9897-ffbb90f91e7a] - page.onError - msg: undefined is not a function (evaluating 'id.date_added.startsWith($scope.yearToShow)')
http://localhost:8081/app/js/main.controller.js:83
[ERROR - 2017-11-02T08:01:52.996Z] Session [159e5810-bfa4-11e7-9897-ffbb90f91e7a] - page.onError - stack:
  (anonymous function) (http://localhost:8081/lib/angular/angular.js:14516)
[ERROR - 2017-11-02T08:01:53.000Z] Session [159e5810-bfa4-11e7-9897-ffbb90f91e7a] - page.onError - msg: undefined is not a function (evaluating 'id.date_added.startsWith($scope.yearToShow)')
http://localhost:8081/app/js/main.controller.js:83
[ERROR - 2017-11-02T08:01:53.000Z] Session [159e5810-bfa4-11e7-9897-ffbb90f91e7a] - page.onError - stack:
  (anonymous function) (http://localhost:8081/lib/angular/angular.js:14516)
[ERROR - 2017-11-02T08:01:53.225Z] Session [159e5810-bfa4-11e7-9897-ffbb90f91e7a] - page.onError - msg: undefined is not a function (evaluating 'id.date_added.startsWith($scope.yearToShow)')
http://localhost:8081/app/js/main.controller.js:83
[ERROR - 2017-11-02T08:01:53.225Z] Session [159e5810-bfa4-11e7-9897-ffbb90f91e7a] - page.onError - stack:
  (anonymous function) (http://localhost:8081/lib/angular/angular.js:14516)
[INFO  - 2017-11-02T08:02:05.903Z] ShutdownReqHand - _handle - About to shutdown
[INFO  - 2017-11-02T08:02:07.508Z] GhostDriver - Main - running on port 16508
[INFO  - 2017-11-02T08:02:07.619Z] Session [1f2500f0-bfa4-11e7-b697-c9e5962b6519] - page.settings - {"XSSAuditingEnabled":false,"javascriptCanCloseWindows":true,"javascriptCanOpenWindows":true,"javascriptEnabled":true,"loadImages":true,"localToRemoteUrlAccessEnabled":false,"userAgent":"Mozilla/5.0 (Unknown; Linux x86_64) AppleWebKit/538.1 (KHTML, like Gecko) PhantomJS/2.1.1 Safari/538.1","webSecurityEnabled":true}
[INFO  - 2017-11-02T08:02:07.619Z] Session [1f2500f0-bfa4-11e7-b697-c9e5962b6519] - page.customHeaders:  - {}
[INFO  - 2017-11-02T08:02:07.619Z] Session [1f2500f0-bfa4-11e7-b697-c9e5962b6519] - Session.negotiatedCapabilities - {"browserName":"phantomjs","version":"2.1.1","driverName":"ghostdriver","driverVersion":"1.2.0","platform":"linux-unknown-64bit","javascriptEnabled":true,"takesScreenshot":true,"handlesAlerts":false,"databaseEnabled":false,"locationContextEnabled":false,"applicationCacheEnabled":false,"browserConnectionEnabled":false,"cssSelectorsEnabled":true,"webStorageEnabled":false,"rotatable":false,"acceptSslCerts":false,"nativeEvents":true,"proxy":{"proxyType":"direct"}}
[INFO  - 2017-11-02T08:02:07.619Z] SessionManagerReqHand - _postNewSessionCommand - New Session Created: 1f2500f0-bfa4-11e7-b697-c9e5962b6519
[ERROR - 2017-11-02T08:02:09.129Z] Session [1f2500f0-bfa4-11e7-b697-c9e5962b6519] - page.onError - msg: undefined is not a function (evaluating 'id.date_added.startsWith($scope.yearToShow)')
http://localhost:8081/app/js/main.controller.js:83
[ERROR - 2017-11-02T08:02:09.129Z] Session [1f2500f0-bfa4-11e7-b697-c9e5962b6519] - page.onError - stack:
  (anonymous function) (http://localhost:8081/lib/angular/angular.js:14516)
[ERROR - 2017-11-02T08:02:09.135Z] Session [1f2500f0-bfa4-11e7-b697-c9e5962b6519] - page.onError - msg: undefined is not a function (evaluating 'id.date_added.startsWith($scope.yearToShow)')
http://localhost:8081/app/js/main.controller.js:83
[ERROR - 2017-11-02T08:02:09.135Z] Session [1f2500f0-bfa4-11e7-b697-c9e5962b6519] - page.onError - stack:
  (anonymous function) (http://localhost:8081/lib/angular/angular.js:14516)
[ERROR - 2017-11-02T08:02:09.141Z] Session [1f2500f0-bfa4-11e7-b697-c9e5962b6519] - page.onError - msg: undefined is not a function (evaluating 'id.date_added.startsWith($scope.yearToShow)')
http://localhost:8081/app/js/main.controller.js:83
[ERROR - 2017-11-02T08:02:09.141Z] Session [1f2500f0-bfa4-11e7-b697-c9e5962b6519] - page.onError - stack:
  (anonymous function) (http://localhost:8081/lib/angular/angular.js:14516)
[ERROR - 2017-11-02T08:02:09.145Z] Session [1f2500f0-bfa4-11e7-b697-c9e5962b6519] - page.onError - msg: undefined is not a function (evaluating 'id.date_added.startsWith($scope.yearToShow)')
http://localhost:8081/app/js/main.controller.js:83
[ERROR - 2017-11-02T08:02:09.145Z] Session [1f2500f0-bfa4-11e7-b697-c9e5962b6519] - page.onError - stack:
  (anonymous function) (http://localhost:8081/lib/angular/angular.js:14516)
[ERROR - 2017-11-02T08:02:09.367Z] Session [1f2500f0-bfa4-11e7-b697-c9e5962b6519] - page.onError - msg: undefined is not a function (evaluating 'id.date_added.startsWith($scope.yearToShow)')
http://localhost:8081/app/js/main.controller.js:83
[ERROR - 2017-11-02T08:02:09.368Z] Session [1f2500f0-bfa4-11e7-b697-c9e5962b6519] - page.onError - stack:
  (anonymous function) (http://localhost:8081/lib/angular/angular.js:14516)
[ERROR - 2017-11-02T08:02:09.373Z] Session [1f2500f0-bfa4-11e7-b697-c9e5962b6519] - page.onError - msg: undefined is not a function (evaluating 'id.date_added.startsWith($scope.yearToShow)')
http://localhost:8081/app/js/main.controller.js:83
[ERROR - 2017-11-02T08:02:09.373Z] Session [1f2500f0-bfa4-11e7-b697-c9e5962b6519] - page.onError - stack:
  (anonymous function) (http://localhost:8081/lib/angular/angular.js:14516)
[ERROR - 2017-11-02T08:02:09.589Z] Session [1f2500f0-bfa4-11e7-b697-c9e5962b6519] - page.onError - msg: undefined is not a function (evaluating 'id.date_added.startsWith($scope.yearToShow)')
http://localhost:8081/app/js/main.controller.js:83
[ERROR - 2017-11-02T08:02:09.589Z] Session [1f2500f0-bfa4-11e7-b697-c9e5962b6519] - page.onError - stack:
  (anonymous function) (http://localhost:8081/lib/angular/angular.js:14516)
[INFO  - 2017-11-02T08:02:09.834Z] ShutdownReqHand - _handle - About to shutdown
[INFO  - 2017-11-02T08:02:09.956Z] GhostDriver - Main - running on port 4747
[INFO  - 2017-11-02T08:02:10.025Z] Session [20942150-bfa4-11e7-81ca-797a7f5019c8] - page.settings - {"XSSAuditingEnabled":false,"javascriptCanCloseWindows":true,"javascriptCanOpenWindows":true,"javascriptEnabled":true,"loadImages":true,"localToRemoteUrlAccessEnabled":false,"userAgent":"Mozilla/5.0 (Unknown; Linux x86_64) AppleWebKit/538.1 (KHTML, like Gecko) PhantomJS/2.1.1 Safari/538.1","webSecurityEnabled":true}
[INFO  - 2017-11-02T08:02:10.025Z] Session [20942150-bfa4-11e7-81ca-797a7f5019c8] - page.customHeaders:  - {}
[INFO  - 2017-11-02T08:02:10.025Z] Session [20942150-bfa4-11e7-81ca-797a7f5019c8] - Session.negotiatedCapabilities - {"browserName":"phantomjs","version":"2.1.1","driverName":"ghostdriver","driverVersion":"1.2.0","platform":"linux-unknown-64bit","javascriptEnabled":true,"takesScreenshot":true,"handlesAlerts":false,"databaseEnabled":false,"locationContextEnabled":false,"applicationCacheEnabled":false,"browserConnectionEnabled":false,"cssSelectorsEnabled":true,"webStorageEnabled":false,"rotatable":false,"acceptSslCerts":false,"nativeEvents":true,"proxy":{"proxyType":"direct"}}
[INFO  - 2017-11-02T08:02:10.025Z] SessionManagerReqHand - _postNewSessionCommand - New Session Created: 20942150-bfa4-11e7-81ca-797a7f5019c8
[INFO  - 2017-11-02T08:02:12.196Z] Session [20942150-bfa4-11e7-81ca-797a7f5019c8] - page.settings - {"XSSAuditingEnabled":false,"javascriptCanCloseWindows":true,"javascriptCanOpenWindows":true,"javascriptEnabled":true,"loadImages":true,"localToRemoteUrlAccessEnabled":false,"userAgent":"Mozilla/5.0 (Unknown; Linux x86_64) AppleWebKit/538.1 (KHTML, like Gecko) PhantomJS/2.1.1 Safari/538.1","webSecurityEnabled":true}
[INFO  - 2017-11-02T08:02:12.197Z] Session [20942150-bfa4-11e7-81ca-797a7f5019c8] - page.customHeaders:  - {}
[INFO  - 2017-11-02T08:02:12.923Z] ShutdownReqHand - _handle - About to shutdown
